Using pre-set license
Built from '2020.3/staging' branch; Version is '2020.3.11f1 (99c7afb366b3) revision 10078127'; Using compiler version '192528614'; Build Type 'Release'
OS: 'Windows 10 Home; OS build 19045.2965; Version 2009; 64bit' Language: 'no' Physical Memory: 16302 MB
BatchMode: 1, IsHumanControllingUs: 0, StartBugReporterOnCrash: 0, Is64bit: 1, IsPro: 0

 COMMAND LINE ARGUMENTS:
C:\Program Files\Unity\Hub\Editor\2020.3.11f1\Editor\Unity.exe
-adb2
-batchMode
-noUpm
-name
AssetImportWorker1
-projectPath
C:/Users/bramm/Race
-logFile
Logs/AssetImportWorker1.log
-srvPort
58121
Successfully changed project path to: C:/Users/bramm/Race
C:/Users/bramm/Race
Using Asset Import Pipeline V2.
Refreshing native plugins compatible for Editor in 50.78 ms, found 3 plugins.
Preloading 0 native plugins for Editor in 0.00 ms.
Initialize engine version: 2020.3.11f1 (99c7afb366b3)
[Subsystems] Discovering subsystems at path C:/Program Files/Unity/Hub/Editor/2020.3.11f1/Editor/Data/Resources/UnitySubsystems
[Subsystems] Discovering subsystems at path C:/Users/bramm/Race/Assets
GfxDevice: creating device client; threaded=0
Direct3D:
    Version:  Direct3D 11.0 [level 11.1]
    Renderer: NVIDIA GeForce GTX 1660 SUPER (ID=0x21c4)
    Vendor:   
    VRAM:     5980 MB
    Driver:   31.0.15.3179
Initialize mono
Mono path[0] = 'C:/Program Files/Unity/Hub/Editor/2020.3.11f1/Editor/Data/Managed'
Mono path[1] = 'C:/Program Files/Unity/Hub/Editor/2020.3.11f1/Editor/Data/MonoBleedingEdge/lib/mono/unityjit'
Mono config path = 'C:/Program Files/Unity/Hub/Editor/2020.3.11f1/Editor/Data/MonoBleedingEdge/etc'
Using monoOptions --debugger-agent=transport=dt_socket,embedding=1,server=y,suspend=n,address=127.0.0.1:56888
Begin MonoManager ReloadAssembly
Registering precompiled unity dll's ...
Register platform support module: C:/Program Files/Unity/Hub/Editor/2020.3.11f1/Editor/Data/PlaybackEngines/WebGLSupport/UnityEditor.WebGL.Extensions.dll
Register platform support module: C:/Program Files/Unity/Hub/Editor/2020.3.11f1/Editor/Data/PlaybackEngines/MacStandaloneSupport/UnityEditor.OSXStandalone.Extensions.dll
Register platform support module: C:/Program Files/Unity/Hub/Editor/2020.3.11f1/Editor/Data/PlaybackEngines/WindowsStandaloneSupport/UnityEditor.WindowsStandalone.Extensions.dll
Registered in 0.002676 seconds.
Native extension for WindowsStandalone target not found
Native extension for OSXStandalone target not found
Native extension for WebGL target not found
Refreshing native plugins compatible for Editor in 50.09 ms, found 3 plugins.
Preloading 0 native plugins for Editor in 0.00 ms.
Mono: successfully reloaded assembly
- Completed reload, in  4.085 seconds
Platform modules already initialized, skipping
Registering precompiled user dll's ...
Registered in 0.004206 seconds.
Begin MonoManager ReloadAssembly
Native extension for WindowsStandalone target not found
Native extension for OSXStandalone target not found
Native extension for WebGL target not found
Refreshing native plugins compatible for Editor in 0.50 ms, found 3 plugins.
Preloading 0 native plugins for Editor in 0.00 ms.
Mono: successfully reloaded assembly
- Completed reload, in  1.274 seconds
Platform modules already initialized, skipping
========================================================================
Worker process is ready to serve import requests
Launched and connected shader compiler UnityShaderCompiler.exe after 0.08 seconds
Refreshing native plugins compatible for Editor in 0.49 ms, found 3 plugins.
Preloading 0 native plugins for Editor in 0.00 ms.
Unloading 2236 Unused Serialized files (Serialized files now loaded: 0)
System memory in use before: 120.6 MB.
System memory in use after: 120.7 MB.

Unloading 25 unused Assets to reduce memory usage. Loaded Objects now: 2697.
Total: 2.104400 ms (FindLiveObjects: 0.183600 ms CreateObjectMapping: 0.088200 ms MarkObjects: 1.756100 ms  DeleteObjects: 0.075100 ms)

========================================================================
Received Import Request.
  path: Assets/Resources/Hats/antenna.prefab
  artifactKey: Guid(627cec481f81b7748a4a239d852bebfc) Importer(815301076,1909f56bfc062723c751e8b465ee728b)
Start importing Assets/Resources/Hats/antenna.prefab using Guid(627cec481f81b7748a4a239d852bebfc) Importer(815301076,1909f56bfc062723c751e8b465ee728b)  -> (artifact id: '73523592576048865948351ce08ad019') in 0.107188 seconds
  Import took 0.110377 seconds .

========================================================================
Received Prepare
Registering precompiled user dll's ...
Registered in 0.005401 seconds.
Begin MonoManager ReloadAssembly
Native extension for WindowsStandalone target not found
Native extension for OSXStandalone target not found
Native extension for WebGL target not found
Refreshing native plugins compatible for Editor in 0.51 ms, found 3 plugins.
Preloading 0 native plugins for Editor in 0.00 ms.
Mono: successfully reloaded assembly
- Completed reload, in  1.069 seconds
Platform modules already initialized, skipping
Refreshing native plugins compatible for Editor in 0.52 ms, found 3 plugins.
Preloading 0 native plugins for Editor in 0.00 ms.
Unloading 2185 Unused Serialized files (Serialized files now loaded: 0)
System memory in use before: 119.1 MB.
System memory in use after: 119.2 MB.

Unloading 18 unused Assets to reduce memory usage. Loaded Objects now: 2708.
Total: 1.878200 ms (FindLiveObjects: 0.176000 ms CreateObjectMapping: 0.081300 ms MarkObjects: 1.566000 ms  DeleteObjects: 0.053800 ms)

========================================================================
Received Prepare
Registering precompiled user dll's ...
Registered in 0.004070 seconds.
Begin MonoManager ReloadAssembly
Native extension for WindowsStandalone target not found
Native extension for OSXStandalone target not found
Native extension for WebGL target not found
Refreshing native plugins compatible for Editor in 0.52 ms, found 3 plugins.
Preloading 0 native plugins for Editor in 0.00 ms.
Mono: successfully reloaded assembly
- Completed reload, in  1.074 seconds
Platform modules already initialized, skipping
Refreshing native plugins compatible for Editor in 0.50 ms, found 3 plugins.
Preloading 0 native plugins for Editor in 0.00 ms.
Unloading 2185 Unused Serialized files (Serialized files now loaded: 0)
System memory in use before: 119.3 MB.
System memory in use after: 119.4 MB.

Unloading 18 unused Assets to reduce memory usage. Loaded Objects now: 2712.
Total: 2.029400 ms (FindLiveObjects: 0.202300 ms CreateObjectMapping: 0.083800 ms MarkObjects: 1.685500 ms  DeleteObjects: 0.056500 ms)

========================================================================
Received Prepare
Registering precompiled user dll's ...
Registered in 0.004068 seconds.
Begin MonoManager ReloadAssembly
Native extension for WindowsStandalone target not found
Native extension for OSXStandalone target not found
Native extension for WebGL target not found
Refreshing native plugins compatible for Editor in 0.50 ms, found 3 plugins.
Preloading 0 native plugins for Editor in 0.00 ms.
Mono: successfully reloaded assembly
- Completed reload, in  1.060 seconds
Platform modules already initialized, skipping
Refreshing native plugins compatible for Editor in 0.54 ms, found 3 plugins.
Preloading 0 native plugins for Editor in 0.00 ms.
Unloading 2185 Unused Serialized files (Serialized files now loaded: 0)
System memory in use before: 119.3 MB.
System memory in use after: 119.4 MB.

Unloading 18 unused Assets to reduce memory usage. Loaded Objects now: 2716.
Total: 1.933400 ms (FindLiveObjects: 0.196800 ms CreateObjectMapping: 0.082000 ms MarkObjects: 1.596600 ms  DeleteObjects: 0.057000 ms)

========================================================================
Received Prepare
Registering precompiled user dll's ...
Registered in 0.004128 seconds.
Begin MonoManager ReloadAssembly
Native extension for WindowsStandalone target not found
Native extension for OSXStandalone target not found
Native extension for WebGL target not found
Refreshing native plugins compatible for Editor in 0.50 ms, found 3 plugins.
Preloading 0 native plugins for Editor in 0.00 ms.
Mono: successfully reloaded assembly
- Completed reload, in  1.024 seconds
Platform modules already initialized, skipping
Refreshing native plugins compatible for Editor in 0.50 ms, found 3 plugins.
Preloading 0 native plugins for Editor in 0.00 ms.
Unloading 2185 Unused Serialized files (Serialized files now loaded: 0)
System memory in use before: 119.3 MB.
System memory in use after: 119.5 MB.

Unloading 18 unused Assets to reduce memory usage. Loaded Objects now: 2720.
Total: 1.943100 ms (FindLiveObjects: 0.191800 ms CreateObjectMapping: 0.087200 ms MarkObjects: 1.606600 ms  DeleteObjects: 0.056600 ms)

========================================================================
Received Import Request.
  Time since last request: 292.666431 seconds.
  path: Assets/Resources/Hats/antenna 1.prefab
  artifactKey: Guid(def60fd136eb35b4cb1bb575f44e0bb8) Importer(815301076,1909f56bfc062723c751e8b465ee728b)
Start importing Assets/Resources/Hats/antenna 1.prefab using Guid(def60fd136eb35b4cb1bb575f44e0bb8) Importer(815301076,1909f56bfc062723c751e8b465ee728b)  -> (artifact id: '962c79bd60806810fd7fd3bc152b9a62') in 0.133679 seconds
  Import took 0.136852 seconds .

========================================================================
Received Import Request.
  Time since last request: 1.486655 seconds.
  path: Assets/Resources/Hats/antenna1.prefab
  artifactKey: Guid(def60fd136eb35b4cb1bb575f44e0bb8) Importer(815301076,1909f56bfc062723c751e8b465ee728b)
Start importing Assets/Resources/Hats/antenna1.prefab using Guid(def60fd136eb35b4cb1bb575f44e0bb8) Importer(815301076,1909f56bfc062723c751e8b465ee728b)  -> (artifact id: '5f9d9409e6bc649320e1bf2feac0e9b5') in 0.011244 seconds
  Import took 0.014994 seconds .

========================================================================
Received Import Request.
  Time since last request: 12.988173 seconds.
  path: Assets/Resources/GameHats/antenna1.prefab
  artifactKey: Guid(def60fd136eb35b4cb1bb575f44e0bb8) Importer(815301076,1909f56bfc062723c751e8b465ee728b)
Start importing Assets/Resources/GameHats/antenna1.prefab using Guid(def60fd136eb35b4cb1bb575f44e0bb8) Importer(815301076,1909f56bfc062723c751e8b465ee728b)  -> (artifact id: 'c6672b07e734e2dc877219c60ce229cd') in 0.010609 seconds
  Import took 0.014532 seconds .

========================================================================
Received Import Request.
  Time since last request: 0.791253 seconds.
  path: Assets/Resources/GameHats/antenna1.prefab
  artifactKey: Guid(def60fd136eb35b4cb1bb575f44e0bb8) Importer(815301076,1909f56bfc062723c751e8b465ee728b)
Start importing Assets/Resources/GameHats/antenna1.prefab using Guid(def60fd136eb35b4cb1bb575f44e0bb8) Importer(815301076,1909f56bfc062723c751e8b465ee728b)  -> (artifact id: '1f53ff580f7fb8dcc6c20b5cde53c20f') in 0.010665 seconds
  Import took 0.013895 seconds .

========================================================================
Received Import Request.
  Time since last request: 3.036359 seconds.
  path: Assets/Resources/GameHats/antenna1.prefab
  artifactKey: Guid(def60fd136eb35b4cb1bb575f44e0bb8) Importer(815301076,1909f56bfc062723c751e8b465ee728b)
Start importing Assets/Resources/GameHats/antenna1.prefab using Guid(def60fd136eb35b4cb1bb575f44e0bb8) Importer(815301076,1909f56bfc062723c751e8b465ee728b)  -> (artifact id: '94b04bd622a0c0e112e184c16d2d748e') in 0.007543 seconds
  Import took 0.011300 seconds .

========================================================================
Received Prepare
Registering precompiled user dll's ...
Registered in 0.004031 seconds.
Begin MonoManager ReloadAssembly
Native extension for WindowsStandalone target not found
Native extension for OSXStandalone target not found
Native extension for WebGL target not found
Refreshing native plugins compatible for Editor in 0.51 ms, found 3 plugins.
Preloading 0 native plugins for Editor in 0.00 ms.
Mono: successfully reloaded assembly
- Completed reload, in  1.078 seconds
Platform modules already initialized, skipping
Refreshing native plugins compatible for Editor in 0.51 ms, found 3 plugins.
Preloading 0 native plugins for Editor in 0.00 ms.
Unloading 2185 Unused Serialized files (Serialized files now loaded: 0)
System memory in use before: 119.2 MB.
System memory in use after: 119.4 MB.

Unloading 18 unused Assets to reduce memory usage. Loaded Objects now: 2725.
Total: 2.020600 ms (FindLiveObjects: 0.196600 ms CreateObjectMapping: 0.086400 ms MarkObjects: 1.673800 ms  DeleteObjects: 0.062900 ms)

========================================================================
Received Prepare
Registering precompiled user dll's ...
Registered in 0.006163 seconds.
Begin MonoManager ReloadAssembly
Native extension for WindowsStandalone target not found
Native extension for OSXStandalone target not found
Native extension for WebGL target not found
Refreshing native plugins compatible for Editor in 0.54 ms, found 3 plugins.
Preloading 0 native plugins for Editor in 0.00 ms.
Mono: successfully reloaded assembly
- Completed reload, in  1.095 seconds
Platform modules already initialized, skipping
Refreshing native plugins compatible for Editor in 0.54 ms, found 3 plugins.
Preloading 0 native plugins for Editor in 0.00 ms.
Unloading 2185 Unused Serialized files (Serialized files now loaded: 0)
System memory in use before: 119.2 MB.
System memory in use after: 119.4 MB.

Unloading 18 unused Assets to reduce memory usage. Loaded Objects now: 2729.
Total: 2.271300 ms (FindLiveObjects: 0.197500 ms CreateObjectMapping: 0.092800 ms MarkObjects: 1.921100 ms  DeleteObjects: 0.058700 ms)

========================================================================
Received Prepare
Registering precompiled user dll's ...
Registered in 0.004045 seconds.
Begin MonoManager ReloadAssembly
Native extension for WindowsStandalone target not found
Native extension for OSXStandalone target not found
Native extension for WebGL target not found
Refreshing native plugins compatible for Editor in 0.50 ms, found 3 plugins.
Preloading 0 native plugins for Editor in 0.00 ms.
Mono: successfully reloaded assembly
- Completed reload, in  1.056 seconds
Platform modules already initialized, skipping
Refreshing native plugins compatible for Editor in 0.52 ms, found 3 plugins.
Preloading 0 native plugins for Editor in 0.00 ms.
Unloading 2185 Unused Serialized files (Serialized files now loaded: 0)
System memory in use before: 119.2 MB.
System memory in use after: 119.4 MB.

Unloading 18 unused Assets to reduce memory usage. Loaded Objects now: 2733.
Total: 1.970100 ms (FindLiveObjects: 0.191800 ms CreateObjectMapping: 0.086400 ms MarkObjects: 1.631300 ms  DeleteObjects: 0.059500 ms)

========================================================================
Received Prepare
Registering precompiled user dll's ...
Registered in 0.004102 seconds.
Begin MonoManager ReloadAssembly
Native extension for WindowsStandalone target not found
Native extension for OSXStandalone target not found
Native extension for WebGL target not found
Refreshing native plugins compatible for Editor in 0.50 ms, found 3 plugins.
Preloading 0 native plugins for Editor in 0.00 ms.
Mono: successfully reloaded assembly
- Completed reload, in  1.016 seconds
Platform modules already initialized, skipping
Refreshing native plugins compatible for Editor in 0.51 ms, found 3 plugins.
Preloading 0 native plugins for Editor in 0.00 ms.
Unloading 2185 Unused Serialized files (Serialized files now loaded: 0)
System memory in use before: 119.2 MB.
System memory in use after: 119.4 MB.

Unloading 18 unused Assets to reduce memory usage. Loaded Objects now: 2737.
Total: 1.908900 ms (FindLiveObjects: 0.185400 ms CreateObjectMapping: 0.086100 ms MarkObjects: 1.581200 ms  DeleteObjects: 0.055500 ms)

========================================================================
Received Import Request.
  Time since last request: 598.814294 seconds.
  path: Assets/Scenes/SampleScene/LightingData.asset
  artifactKey: Guid(be85860f472dc6643ab9dc6d6de32718) Importer(815301076,1909f56bfc062723c751e8b465ee728b)
Start importing Assets/Scenes/SampleScene/LightingData.asset using Guid(be85860f472dc6643ab9dc6d6de32718) Importer(815301076,1909f56bfc062723c751e8b465ee728b)  -> (artifact id: 'db6ca4a60b0bd179689f93d1672599c5') in 0.094282 seconds
  Import took 0.098813 seconds .

========================================================================
Received Import Request.
  Time since last request: 0.000175 seconds.
  path: Assets/Scenes/SampleScene/ReflectionProbe-0.exr
  artifactKey: Guid(6af62b7a767de9d42bc9cdf75a2d4283) Importer(815301076,1909f56bfc062723c751e8b465ee728b)
Start importing Assets/Scenes/SampleScene/ReflectionProbe-0.exr using Guid(6af62b7a767de9d42bc9cdf75a2d4283) Importer(815301076,1909f56bfc062723c751e8b465ee728b)  -> (artifact id: 'acbab89a60d5560d8ce57b763a3561c3') in 0.055202 seconds
  Import took 0.058808 seconds .

========================================================================
Received Import Request.
  Time since last request: 16.890642 seconds.
  path: Assets/Scenes/SampleScene/LightingData.asset
  artifactKey: Guid(be85860f472dc6643ab9dc6d6de32718) Importer(815301076,1909f56bfc062723c751e8b465ee728b)
Start importing Assets/Scenes/SampleScene/LightingData.asset using Guid(be85860f472dc6643ab9dc6d6de32718) Importer(815301076,1909f56bfc062723c751e8b465ee728b)  -> (artifact id: '3adb80049280f38dcaed991604253cd6') in 0.002998 seconds
  Import took 0.007106 seconds .

========================================================================
Received Prepare
Registering precompiled user dll's ...
Registered in 0.004106 seconds.
Begin MonoManager ReloadAssembly
Native extension for WindowsStandalone target not found
Native extension for OSXStandalone target not found
Native extension for WebGL target not found
Refreshing native plugins compatible for Editor in 0.54 ms, found 3 plugins.
Preloading 0 native plugins for Editor in 0.00 ms.
Mono: successfully reloaded assembly
- Completed reload, in  1.037 seconds
Platform modules already initialized, skipping
Refreshing native plugins compatible for Editor in 0.51 ms, found 3 plugins.
Preloading 0 native plugins for Editor in 0.00 ms.
Unloading 2185 Unused Serialized files (Serialized files now loaded: 0)
System memory in use before: 119.5 MB.
System memory in use after: 119.7 MB.

Unloading 18 unused Assets to reduce memory usage. Loaded Objects now: 2767.
Total: 1.982500 ms (FindLiveObjects: 0.189800 ms CreateObjectMapping: 0.084300 ms MarkObjects: 1.644500 ms  DeleteObjects: 0.060500 ms)

========================================================================
Received Import Request.
  Time since last request: 559.986670 seconds.
  path: Assets/Scenes/SampleScene/LightingData.asset
  artifactKey: Guid(be85860f472dc6643ab9dc6d6de32718) Importer(815301076,1909f56bfc062723c751e8b465ee728b)
Start importing Assets/Scenes/SampleScene/LightingData.asset using Guid(be85860f472dc6643ab9dc6d6de32718) Importer(815301076,1909f56bfc062723c751e8b465ee728b)  -> (artifact id: 'aae2505fa0c2b234c7a41aad10db42d1') in 0.031558 seconds
  Import took 0.035465 seconds .

========================================================================
Received Import Request.
  Time since last request: 0.004005 seconds.
  path: Assets/Scenes/SampleScene/LightingData.asset
  artifactKey: Guid(be85860f472dc6643ab9dc6d6de32718) Importer(815301076,1909f56bfc062723c751e8b465ee728b)
Start importing Assets/Scenes/SampleScene/LightingData.asset using Guid(be85860f472dc6643ab9dc6d6de32718) Importer(815301076,1909f56bfc062723c751e8b465ee728b)  -> (artifact id: 'aae2505fa0c2b234c7a41aad10db42d1') in 0.002412 seconds
  Import took 0.005772 seconds .

========================================================================
Received Import Request.
  Time since last request: 7.183845 seconds.
  path: Assets/Scenes/SampleScene/LightingData.asset
  artifactKey: Guid(be85860f472dc6643ab9dc6d6de32718) Importer(815301076,1909f56bfc062723c751e8b465ee728b)
Start importing Assets/Scenes/SampleScene/LightingData.asset using Guid(be85860f472dc6643ab9dc6d6de32718) Importer(815301076,1909f56bfc062723c751e8b465ee728b)  -> (artifact id: '6d0a7e139715fa0444fd5edcd4aa5cc4') in 0.002486 seconds
  Import took 0.006154 seconds .

========================================================================
Received Import Request.
  Time since last request: 33.909211 seconds.
  path: Assets/Scenes/SampleScene/LightingData.asset
  artifactKey: Guid(be85860f472dc6643ab9dc6d6de32718) Importer(815301076,1909f56bfc062723c751e8b465ee728b)
Start importing Assets/Scenes/SampleScene/LightingData.asset using Guid(be85860f472dc6643ab9dc6d6de32718) Importer(815301076,1909f56bfc062723c751e8b465ee728b)  -> (artifact id: '75af821250690476b96460823b15802f') in 0.002331 seconds
  Import took 0.006255 seconds .

========================================================================
Received Prepare
Registering precompiled user dll's ...
Registered in 0.004249 seconds.
Begin MonoManager ReloadAssembly
Native extension for WindowsStandalone target not found
Native extension for OSXStandalone target not found
Native extension for WebGL target not found
Refreshing native plugins compatible for Editor in 0.49 ms, found 3 plugins.
Preloading 0 native plugins for Editor in 0.00 ms.
Mono: successfully reloaded assembly
- Completed reload, in  1.039 seconds
Platform modules already initialized, skipping
Refreshing native plugins compatible for Editor in 0.51 ms, found 3 plugins.
Preloading 0 native plugins for Editor in 0.00 ms.
Unloading 2185 Unused Serialized files (Serialized files now loaded: 0)
System memory in use before: 119.6 MB.
System memory in use after: 119.8 MB.

Unloading 18 unused Assets to reduce memory usage. Loaded Objects now: 2771.
Total: 2.109700 ms (FindLiveObjects: 0.194000 ms CreateObjectMapping: 0.090100 ms MarkObjects: 1.758900 ms  DeleteObjects: 0.065700 ms)

========================================================================
Received Import Request.
  Time since last request: 460.597933 seconds.
  path: Assets/Scenes/SampleScene/New Lighting Settings.lighting
  artifactKey: Guid(7362f432a42d88245b3dcbe04246ff6f) Importer(815301076,1909f56bfc062723c751e8b465ee728b)
Start importing Assets/Scenes/SampleScene/New Lighting Settings.lighting using Guid(7362f432a42d88245b3dcbe04246ff6f) Importer(815301076,1909f56bfc062723c751e8b465ee728b) LightingSettings: switching bake backend from 1 to 2.
 -> (artifact id: 'cd695b892434c27e30f80b0f1b31104e') in 0.031691 seconds
  Import took 0.035744 seconds .

========================================================================
Received Import Request.
  Time since last request: 0.004095 seconds.
  path: Assets/Scenes/SampleScene/New Lighting Settings.lighting
  artifactKey: Guid(7362f432a42d88245b3dcbe04246ff6f) Importer(815301076,1909f56bfc062723c751e8b465ee728b)
Start importing Assets/Scenes/SampleScene/New Lighting Settings.lighting using Guid(7362f432a42d88245b3dcbe04246ff6f) Importer(815301076,1909f56bfc062723c751e8b465ee728b) LightingSettings: switching bake backend from 1 to 2.
 -> (artifact id: 'cd695b892434c27e30f80b0f1b31104e') in 0.002425 seconds
  Import took 0.005880 seconds .

========================================================================
Received Prepare
Registering precompiled user dll's ...
Registered in 0.004092 seconds.
Begin MonoManager ReloadAssembly
Native extension for WindowsStandalone target not found
Native extension for OSXStandalone target not found
Native extension for WebGL target not found
Refreshing native plugins compatible for Editor in 0.50 ms, found 3 plugins.
Preloading 0 native plugins for Editor in 0.00 ms.
Mono: successfully reloaded assembly
- Completed reload, in  1.054 seconds
Platform modules already initialized, skipping
Refreshing native plugins compatible for Editor in 0.50 ms, found 3 plugins.
Preloading 0 native plugins for Editor in 0.00 ms.
Unloading 2185 Unused Serialized files (Serialized files now loaded: 0)
System memory in use before: 119.7 MB.
System memory in use after: 119.9 MB.

Unloading 18 unused Assets to reduce memory usage. Loaded Objects now: 2775.
Total: 1.981400 ms (FindLiveObjects: 0.198000 ms CreateObjectMapping: 0.088700 ms MarkObjects: 1.634400 ms  DeleteObjects: 0.059400 ms)

========================================================================
Received Prepare
Registering precompiled user dll's ...
Registered in 0.003959 seconds.
Begin MonoManager ReloadAssembly
Native extension for WindowsStandalone target not found
Native extension for OSXStandalone target not found
Native extension for WebGL target not found
Refreshing native plugins compatible for Editor in 0.57 ms, found 3 plugins.
Preloading 0 native plugins for Editor in 0.00 ms.
Mono: successfully reloaded assembly
- Completed reload, in  1.307 seconds
Platform modules already initialized, skipping
Refreshing native plugins compatible for Editor in 0.50 ms, found 3 plugins.
Preloading 0 native plugins for Editor in 0.00 ms.
Unloading 2185 Unused Serialized files (Serialized files now loaded: 0)
System memory in use before: 119.7 MB.
System memory in use after: 119.9 MB.

Unloading 18 unused Assets to reduce memory usage. Loaded Objects now: 2779.
Total: 2.156900 ms (FindLiveObjects: 0.214100 ms CreateObjectMapping: 0.107500 ms MarkObjects: 1.768700 ms  DeleteObjects: 0.065700 ms)

========================================================================
Received Prepare
Refreshing native plugins compatible for Editor in 3.48 ms, found 3 plugins.
Preloading 0 native plugins for Editor in 0.00 ms.
Unloading 16 Unused Serialized files (Serialized files now loaded: 0)
System memory in use before: 76.8 MB.
System memory in use after: 77.0 MB.

Unloading 16 unused Assets to reduce memory usage. Loaded Objects now: 2779.
Total: 2.058500 ms (FindLiveObjects: 0.203100 ms CreateObjectMapping: 0.090100 ms MarkObjects: 1.708200 ms  DeleteObjects: 0.056400 ms)

