Using pre-set license
Built from '2020.3/staging' branch; Version is '2020.3.11f1 (99c7afb366b3) revision 10078127'; Using compiler version '192528614'; Build Type 'Release'
OS: 'Windows 10 Home; OS build 19045.3086; Version 2009; 64bit' Language: 'no' Physical Memory: 16302 MB
BatchMode: 1, IsHumanControllingUs: 0, StartBugReporterOnCrash: 0, Is64bit: 1, IsPro: 0

 COMMAND LINE ARGUMENTS:
C:\Program Files\Unity\Hub\Editor\2020.3.11f1\Editor\Unity.exe
-adb2
-batchMode
-noUpm
-name
AssetImportWorker0
-projectPath
C:/Users/bramm/Race
-logFile
Logs/AssetImportWorker0.log
-srvPort
49423
Successfully changed project path to: C:/Users/bramm/Race
C:/Users/bramm/Race
Using Asset Import Pipeline V2.
Refreshing native plugins compatible for Editor in 51.84 ms, found 3 plugins.
Preloading 0 native plugins for Editor in 0.00 ms.
Initialize engine version: 2020.3.11f1 (99c7afb366b3)
[Subsystems] Discovering subsystems at path C:/Program Files/Unity/Hub/Editor/2020.3.11f1/Editor/Data/Resources/UnitySubsystems
[Subsystems] Discovering subsystems at path C:/Users/bramm/Race/Assets
GfxDevice: creating device client; threaded=0
Direct3D:
    Version:  Direct3D 11.0 [level 11.1]
    Renderer: NVIDIA GeForce GTX 1660 SUPER (ID=0x21c4)
    Vendor:   
    VRAM:     5980 MB
    Driver:   31.0.15.3179
Initialize mono
Mono path[0] = 'C:/Program Files/Unity/Hub/Editor/2020.3.11f1/Editor/Data/Managed'
Mono path[1] = 'C:/Program Files/Unity/Hub/Editor/2020.3.11f1/Editor/Data/MonoBleedingEdge/lib/mono/unityjit'
Mono config path = 'C:/Program Files/Unity/Hub/Editor/2020.3.11f1/Editor/Data/MonoBleedingEdge/etc'
Using monoOptions --debugger-agent=transport=dt_socket,embedding=1,server=y,suspend=n,address=127.0.0.1:56496
Begin MonoManager ReloadAssembly
Registering precompiled unity dll's ...
Register platform support module: C:/Program Files/Unity/Hub/Editor/2020.3.11f1/Editor/Data/PlaybackEngines/WebGLSupport/UnityEditor.WebGL.Extensions.dll
Register platform support module: C:/Program Files/Unity/Hub/Editor/2020.3.11f1/Editor/Data/PlaybackEngines/MacStandaloneSupport/UnityEditor.OSXStandalone.Extensions.dll
Register platform support module: C:/Program Files/Unity/Hub/Editor/2020.3.11f1/Editor/Data/PlaybackEngines/WindowsStandaloneSupport/UnityEditor.WindowsStandalone.Extensions.dll
Registered in 0.002308 seconds.
Native extension for WindowsStandalone target not found
Native extension for OSXStandalone target not found
Native extension for WebGL target not found
Refreshing native plugins compatible for Editor in 48.45 ms, found 3 plugins.
Preloading 0 native plugins for Editor in 0.00 ms.
Mono: successfully reloaded assembly
- Completed reload, in  2.252 seconds
Platform modules already initialized, skipping
Registering precompiled user dll's ...
Registered in 0.004505 seconds.
Begin MonoManager ReloadAssembly
Native extension for WindowsStandalone target not found
Native extension for OSXStandalone target not found
Native extension for WebGL target not found
Refreshing native plugins compatible for Editor in 0.59 ms, found 3 plugins.
Preloading 0 native plugins for Editor in 0.00 ms.
Mono: successfully reloaded assembly
- Completed reload, in  1.127 seconds
Platform modules already initialized, skipping
========================================================================
Worker process is ready to serve import requests
Launched and connected shader compiler UnityShaderCompiler.exe after 0.04 seconds
Refreshing native plugins compatible for Editor in 0.49 ms, found 3 plugins.
Preloading 0 native plugins for Editor in 0.00 ms.
Unloading 2241 Unused Serialized files (Serialized files now loaded: 0)
System memory in use before: 129.1 MB.
System memory in use after: 129.2 MB.

Unloading 25 unused Assets to reduce memory usage. Loaded Objects now: 2706.
Total: 2.016800 ms (FindLiveObjects: 0.203600 ms CreateObjectMapping: 0.092900 ms MarkObjects: 1.589600 ms  DeleteObjects: 0.129700 ms)

========================================================================
Received Import Request.
  path: Assets/Resources/mohawk.blend
  artifactKey: Guid(e58a83ae15b4a2d428707517ab7c0fe4) Importer(815301076,1909f56bfc062723c751e8b465ee728b)
Start importing Assets/Resources/mohawk.blend using Guid(e58a83ae15b4a2d428707517ab7c0fe4) Importer(815301076,1909f56bfc062723c751e8b465ee728b)  -> (artifact id: '07bef872d9d8cf888231cdf6af8a6cf7') in 0.147053 seconds
  Import took 0.150784 seconds .

========================================================================
Received Import Request.
  Time since last request: 43.303692 seconds.
  path: Assets/Resources/mohawk.png
  artifactKey: Guid(058f1c78b31dd9d4bbb5f965b3010b51) Importer(815301076,1909f56bfc062723c751e8b465ee728b)
Start importing Assets/Resources/mohawk.png using Guid(058f1c78b31dd9d4bbb5f965b3010b51) Importer(815301076,1909f56bfc062723c751e8b465ee728b)  -> (artifact id: '78855aa81f3e52c29373988f8a59d834') in 0.018069 seconds
  Import took 0.021773 seconds .

========================================================================
Received Import Request.
  Time since last request: 0.029266 seconds.
  path: Assets/Resources/mohawk.png
  artifactKey: Guid(058f1c78b31dd9d4bbb5f965b3010b51) Importer(815301076,1909f56bfc062723c751e8b465ee728b)
Start importing Assets/Resources/mohawk.png using Guid(058f1c78b31dd9d4bbb5f965b3010b51) Importer(815301076,1909f56bfc062723c751e8b465ee728b)  -> (artifact id: '78855aa81f3e52c29373988f8a59d834') in 0.010800 seconds
  Import took 0.013961 seconds .

========================================================================
Received Import Request.
  Time since last request: 14.541301 seconds.
  path: Assets/Resources/mohawk.obj
  artifactKey: Guid(dae6fa44f25907d458f6dc640ce9ca86) Importer(815301076,1909f56bfc062723c751e8b465ee728b)
Start importing Assets/Resources/mohawk.obj using Guid(dae6fa44f25907d458f6dc640ce9ca86) Importer(815301076,1909f56bfc062723c751e8b465ee728b)  -> (artifact id: 'ae18def0473d7931b22dff1164a56330') in 0.021312 seconds
  Import took 0.024656 seconds .

========================================================================
Received Import Request.
  Time since last request: 13.539363 seconds.
  path: Assets/Resources/mohawk.mtl
  artifactKey: Guid(6c3456bb72e1a9a46984455f31d9731e) Importer(815301076,1909f56bfc062723c751e8b465ee728b)
Start importing Assets/Resources/mohawk.mtl using Guid(6c3456bb72e1a9a46984455f31d9731e) Importer(815301076,1909f56bfc062723c751e8b465ee728b)  -> (artifact id: 'e18f2d1950d2c9c927f0277f3ba25b82') in 0.028125 seconds
  Import took 0.031700 seconds .

========================================================================
Received Import Request.
  Time since last request: 61.489588 seconds.
  path: Assets/Resources/Hats/mohawk.prefab
  artifactKey: Guid(0f0955d56050ff84c8168ee63b86d396) Importer(815301076,1909f56bfc062723c751e8b465ee728b)
Start importing Assets/Resources/Hats/mohawk.prefab using Guid(0f0955d56050ff84c8168ee63b86d396) Importer(815301076,1909f56bfc062723c751e8b465ee728b)  -> (artifact id: '7b774d8d716cbc4d0ac7ae0e1a62dc2d') in 0.014394 seconds
  Import took 0.018239 seconds .

========================================================================
Received Import Request.
  Time since last request: 195.126366 seconds.
  path: Assets/Icons/mohawk_icon.png
  artifactKey: Guid(1cc57713bbf9fbb408e6441caac4ca35) Importer(815301076,1909f56bfc062723c751e8b465ee728b)
Start importing Assets/Icons/mohawk_icon.png using Guid(1cc57713bbf9fbb408e6441caac4ca35) Importer(815301076,1909f56bfc062723c751e8b465ee728b)  -> (artifact id: '50ce6f19f453037921e5183d6eddd5e3') in 0.013464 seconds
  Import took 0.017543 seconds .

========================================================================
Received Import Request.
  Time since last request: 0.000383 seconds.
  path: Assets/Icons/mohawk_icon.png
  artifactKey: Guid(1cc57713bbf9fbb408e6441caac4ca35) Importer(815301076,1909f56bfc062723c751e8b465ee728b)
Start importing Assets/Icons/mohawk_icon.png using Guid(1cc57713bbf9fbb408e6441caac4ca35) Importer(815301076,1909f56bfc062723c751e8b465ee728b)  -> (artifact id: '50ce6f19f453037921e5183d6eddd5e3') in 0.006839 seconds
  Import took 0.010097 seconds .

========================================================================
Received Import Request.
  Time since last request: 5.069447 seconds.
  path: Assets/Icons/mohawk_icon.png
  artifactKey: Guid(1cc57713bbf9fbb408e6441caac4ca35) Importer(815301076,1909f56bfc062723c751e8b465ee728b)
Start importing Assets/Icons/mohawk_icon.png using Guid(1cc57713bbf9fbb408e6441caac4ca35) Importer(815301076,1909f56bfc062723c751e8b465ee728b)  -> (artifact id: '00631f93bf2076a632ff876f783ba836') in 0.026080 seconds
  Import took 0.030089 seconds .

========================================================================
Received Import Request.
  Time since last request: 0.001053 seconds.
  path: Assets/Icons/mohawk_icon.png
  artifactKey: Guid(1cc57713bbf9fbb408e6441caac4ca35) Importer(815301076,1909f56bfc062723c751e8b465ee728b)
Start importing Assets/Icons/mohawk_icon.png using Guid(1cc57713bbf9fbb408e6441caac4ca35) Importer(815301076,1909f56bfc062723c751e8b465ee728b)  -> (artifact id: '00631f93bf2076a632ff876f783ba836') in 0.015744 seconds
  Import took 0.019166 seconds .

========================================================================
Received Prepare
Registering precompiled user dll's ...
Registered in 0.004668 seconds.
Begin MonoManager ReloadAssembly
Native extension for WindowsStandalone target not found
Native extension for OSXStandalone target not found
Native extension for WebGL target not found
Refreshing native plugins compatible for Editor in 0.52 ms, found 3 plugins.
Preloading 0 native plugins for Editor in 0.00 ms.
Mono: successfully reloaded assembly
- Completed reload, in  1.071 seconds
Platform modules already initialized, skipping
Refreshing native plugins compatible for Editor in 0.51 ms, found 3 plugins.
Preloading 0 native plugins for Editor in 0.00 ms.
Unloading 2190 Unused Serialized files (Serialized files now loaded: 0)
System memory in use before: 127.9 MB.
System memory in use after: 128.1 MB.

Unloading 18 unused Assets to reduce memory usage. Loaded Objects now: 2755.
Total: 1.973400 ms (FindLiveObjects: 0.197100 ms CreateObjectMapping: 0.087700 ms MarkObjects: 1.589700 ms  DeleteObjects: 0.098000 ms)

========================================================================
Received Import Request.
  Time since last request: 68.279810 seconds.
  path: Assets/Resources/Hats/mohawk.prefab
  artifactKey: Guid(0f0955d56050ff84c8168ee63b86d396) Importer(815301076,1909f56bfc062723c751e8b465ee728b)
Start importing Assets/Resources/Hats/mohawk.prefab using Guid(0f0955d56050ff84c8168ee63b86d396) Importer(815301076,1909f56bfc062723c751e8b465ee728b)  -> (artifact id: '1364523942db311731ac5560c1f989c8') in 0.072903 seconds
  Import took 0.076331 seconds .

========================================================================
Received Import Request.
  Time since last request: 154.593770 seconds.
  path: Assets/Resources/Hats/GameObject (1).prefab
  artifactKey: Guid(a20698ad54bd581448d416de0fc1e2c9) Importer(815301076,1909f56bfc062723c751e8b465ee728b)
Start importing Assets/Resources/Hats/GameObject (1).prefab using Guid(a20698ad54bd581448d416de0fc1e2c9) Importer(815301076,1909f56bfc062723c751e8b465ee728b)  -> (artifact id: '701a2c3e29fb7cf7b17cb9820073a448') in 0.018573 seconds
  Import took 0.022954 seconds .

========================================================================
Received Import Request.
  Time since last request: 0.003853 seconds.
  path: Assets/Resources/Hats/GameObject (1).prefab
  artifactKey: Guid(a20698ad54bd581448d416de0fc1e2c9) Importer(815301076,1909f56bfc062723c751e8b465ee728b)
Start importing Assets/Resources/Hats/GameObject (1).prefab using Guid(a20698ad54bd581448d416de0fc1e2c9) Importer(815301076,1909f56bfc062723c751e8b465ee728b)  -> (artifact id: '701a2c3e29fb7cf7b17cb9820073a448') in 0.008500 seconds
  Import took 0.011851 seconds .

========================================================================
Received Import Request.
  Time since last request: 6.076431 seconds.
  path: Assets/Resources/Hats/mohawk.prefab
  artifactKey: Guid(0f0955d56050ff84c8168ee63b86d396) Importer(815301076,1909f56bfc062723c751e8b465ee728b)
Start importing Assets/Resources/Hats/mohawk.prefab using Guid(0f0955d56050ff84c8168ee63b86d396) Importer(815301076,1909f56bfc062723c751e8b465ee728b)  -> (artifact id: '39469e9defe575454e61990ebe488a44') in 0.013714 seconds
  Import took 0.017248 seconds .

========================================================================
Received Import Request.
  Time since last request: 1.926659 seconds.
  path: Assets/Resources/Hats/GameObject (1).prefab
  artifactKey: Guid(a20698ad54bd581448d416de0fc1e2c9) Importer(815301076,1909f56bfc062723c751e8b465ee728b)
Start importing Assets/Resources/Hats/GameObject (1).prefab using Guid(a20698ad54bd581448d416de0fc1e2c9) Importer(815301076,1909f56bfc062723c751e8b465ee728b)  -> (artifact id: '175e201a9223d84140eff3afdf69a290') in 0.004580 seconds
  Import took 0.008039 seconds .

========================================================================
Received Import Request.
  Time since last request: 54.518613 seconds.
  path: Assets/Resources/Hats/GameObject (1) 1.prefab
  artifactKey: Guid(53aa73d9a73496a4a9d8d6d4c390ad1d) Importer(815301076,1909f56bfc062723c751e8b465ee728b)
Start importing Assets/Resources/Hats/GameObject (1) 1.prefab using Guid(53aa73d9a73496a4a9d8d6d4c390ad1d) Importer(815301076,1909f56bfc062723c751e8b465ee728b)  -> (artifact id: '8ea5f16fffe3b11c85695be2f6b1a604') in 0.017054 seconds
  Import took 0.020930 seconds .

========================================================================
Received Import Request.
  Time since last request: 0.008487 seconds.
  path: Assets/Resources/Hats/GameObject (1) 1.prefab
  artifactKey: Guid(53aa73d9a73496a4a9d8d6d4c390ad1d) Importer(815301076,1909f56bfc062723c751e8b465ee728b)
Start importing Assets/Resources/Hats/GameObject (1) 1.prefab using Guid(53aa73d9a73496a4a9d8d6d4c390ad1d) Importer(815301076,1909f56bfc062723c751e8b465ee728b)  -> (artifact id: '8ea5f16fffe3b11c85695be2f6b1a604') in 0.011053 seconds
  Import took 0.014593 seconds .

========================================================================
Received Import Request.
  Time since last request: 7.909689 seconds.
  path: Assets/Resources/Hats/mohawk.prefab
  artifactKey: Guid(53aa73d9a73496a4a9d8d6d4c390ad1d) Importer(815301076,1909f56bfc062723c751e8b465ee728b)
Start importing Assets/Resources/Hats/mohawk.prefab using Guid(53aa73d9a73496a4a9d8d6d4c390ad1d) Importer(815301076,1909f56bfc062723c751e8b465ee728b)  -> (artifact id: 'e2d8c94f4d0e7d4e9862da73f97f3589') in 0.009731 seconds
  Import took 0.013983 seconds .

========================================================================
Received Import Request.
  Time since last request: 52.238993 seconds.
  path: Assets/Resources/Hats/mohawk.prefab
  artifactKey: Guid(53aa73d9a73496a4a9d8d6d4c390ad1d) Importer(815301076,1909f56bfc062723c751e8b465ee728b)
Start importing Assets/Resources/Hats/mohawk.prefab using Guid(53aa73d9a73496a4a9d8d6d4c390ad1d) Importer(815301076,1909f56bfc062723c751e8b465ee728b)  -> (artifact id: '131d5930bea6cfe1bcd84bcfab6ec9e9') in 0.009641 seconds
  Import took 0.013153 seconds .

========================================================================
Received Import Request.
  Time since last request: 0.000297 seconds.
  path: Assets/Resources/Hats/mohawk.prefab
  artifactKey: Guid(53aa73d9a73496a4a9d8d6d4c390ad1d) Importer(815301076,1909f56bfc062723c751e8b465ee728b)
Start importing Assets/Resources/Hats/mohawk.prefab using Guid(53aa73d9a73496a4a9d8d6d4c390ad1d) Importer(815301076,1909f56bfc062723c751e8b465ee728b)  -> (artifact id: '131d5930bea6cfe1bcd84bcfab6ec9e9') in 0.009008 seconds
  Import took 0.012198 seconds .

========================================================================
Received Prepare
Registering precompiled user dll's ...
Registered in 0.004004 seconds.
Begin MonoManager ReloadAssembly
Native extension for WindowsStandalone target not found
Native extension for OSXStandalone target not found
Native extension for WebGL target not found
Refreshing native plugins compatible for Editor in 0.52 ms, found 3 plugins.
Preloading 0 native plugins for Editor in 0.00 ms.
Mono: successfully reloaded assembly
- Completed reload, in  1.076 seconds
Platform modules already initialized, skipping
Refreshing native plugins compatible for Editor in 0.51 ms, found 3 plugins.
Preloading 0 native plugins for Editor in 0.00 ms.
Unloading 2190 Unused Serialized files (Serialized files now loaded: 0)
System memory in use before: 128.1 MB.
System memory in use after: 128.3 MB.

Unloading 18 unused Assets to reduce memory usage. Loaded Objects now: 2760.
Total: 2.031100 ms (FindLiveObjects: 0.194300 ms CreateObjectMapping: 0.094500 ms MarkObjects: 1.639700 ms  DeleteObjects: 0.101300 ms)

========================================================================
Received Import Request.
  Time since last request: 85.714948 seconds.
  path: Assets/Resources/Hats/mohawk.prefab
  artifactKey: Guid(53aa73d9a73496a4a9d8d6d4c390ad1d) Importer(815301076,1909f56bfc062723c751e8b465ee728b)
Start importing Assets/Resources/Hats/mohawk.prefab using Guid(53aa73d9a73496a4a9d8d6d4c390ad1d) Importer(815301076,1909f56bfc062723c751e8b465ee728b)  -> (artifact id: 'd50dbc160fdf16de8f5d3f88713a95ec') in 0.075844 seconds
  Import took 0.079631 seconds .

========================================================================
Received Import Request.
  Time since last request: 10.411596 seconds.
  path: Assets/Resources/Hats/mohawk 1.prefab
  artifactKey: Guid(aeb03f79bbb95324d97466802a92dfce) Importer(815301076,1909f56bfc062723c751e8b465ee728b)
Start importing Assets/Resources/Hats/mohawk 1.prefab using Guid(aeb03f79bbb95324d97466802a92dfce) Importer(815301076,1909f56bfc062723c751e8b465ee728b)  -> (artifact id: '419835d37f5b964d545d6933a7f36db5') in 0.015327 seconds
  Import took 0.019082 seconds .

========================================================================
Received Import Request.
  Time since last request: 0.009750 seconds.
  path: Assets/Resources/Hats/mohawk 1.prefab
  artifactKey: Guid(aeb03f79bbb95324d97466802a92dfce) Importer(815301076,1909f56bfc062723c751e8b465ee728b)
Start importing Assets/Resources/Hats/mohawk 1.prefab using Guid(aeb03f79bbb95324d97466802a92dfce) Importer(815301076,1909f56bfc062723c751e8b465ee728b)  -> (artifact id: '419835d37f5b964d545d6933a7f36db5') in 0.010420 seconds
  Import took 0.013619 seconds .

========================================================================
Received Import Request.
  Time since last request: 5.908622 seconds.
  path: Assets/Resources/Hats/mohawk.prefab
  artifactKey: Guid(53aa73d9a73496a4a9d8d6d4c390ad1d) Importer(815301076,1909f56bfc062723c751e8b465ee728b)
Start importing Assets/Resources/Hats/mohawk.prefab using Guid(53aa73d9a73496a4a9d8d6d4c390ad1d) Importer(815301076,1909f56bfc062723c751e8b465ee728b)  -> (artifact id: '817dbaceef7a302c11cdb3b6dcceb93a') in 0.009153 seconds
  Import took 0.012841 seconds .

========================================================================
Received Import Request.
  Time since last request: 0.001277 seconds.
  path: Assets/Resources/Hats/mohawk.prefab
  artifactKey: Guid(53aa73d9a73496a4a9d8d6d4c390ad1d) Importer(815301076,1909f56bfc062723c751e8b465ee728b)
Start importing Assets/Resources/Hats/mohawk.prefab using Guid(53aa73d9a73496a4a9d8d6d4c390ad1d) Importer(815301076,1909f56bfc062723c751e8b465ee728b)  -> (artifact id: '817dbaceef7a302c11cdb3b6dcceb93a') in 0.008786 seconds
  Import took 0.012216 seconds .

========================================================================
Received Prepare
Registering precompiled user dll's ...
Registered in 0.005195 seconds.
Begin MonoManager ReloadAssembly
Native extension for WindowsStandalone target not found
Native extension for OSXStandalone target not found
Native extension for WebGL target not found
Refreshing native plugins compatible for Editor in 0.51 ms, found 3 plugins.
Preloading 0 native plugins for Editor in 0.00 ms.
Mono: successfully reloaded assembly
- Completed reload, in  1.057 seconds
Platform modules already initialized, skipping
Refreshing native plugins compatible for Editor in 0.51 ms, found 3 plugins.
Preloading 0 native plugins for Editor in 0.00 ms.
Unloading 2190 Unused Serialized files (Serialized files now loaded: 0)
System memory in use before: 128.1 MB.
System memory in use after: 128.3 MB.

Unloading 18 unused Assets to reduce memory usage. Loaded Objects now: 2765.
Total: 1.980900 ms (FindLiveObjects: 0.192500 ms CreateObjectMapping: 0.087600 ms MarkObjects: 1.595700 ms  DeleteObjects: 0.103900 ms)

========================================================================
Received Import Request.
  Time since last request: 33.963483 seconds.
  path: Assets/Resources/Hats/mohawk.prefab
  artifactKey: Guid(53aa73d9a73496a4a9d8d6d4c390ad1d) Importer(815301076,1909f56bfc062723c751e8b465ee728b)
Start importing Assets/Resources/Hats/mohawk.prefab using Guid(53aa73d9a73496a4a9d8d6d4c390ad1d) Importer(815301076,1909f56bfc062723c751e8b465ee728b)  -> (artifact id: '6892179555fd9a6849a6fb0a63cb0910') in 0.038897 seconds
  Import took 0.042434 seconds .

========================================================================
Received Import Request.
  Time since last request: 87.508592 seconds.
  path: Assets/Resources/mohawk.obj
  artifactKey: Guid(dae6fa44f25907d458f6dc640ce9ca86) Importer(815301076,1909f56bfc062723c751e8b465ee728b)
Start importing Assets/Resources/mohawk.obj using Guid(dae6fa44f25907d458f6dc640ce9ca86) Importer(815301076,1909f56bfc062723c751e8b465ee728b)  -> (artifact id: '390269213cc63a10d7f8399b2cad7c79') in 0.063652 seconds
  Import took 0.067647 seconds .

========================================================================
Received Import Request.
  Time since last request: 18.650153 seconds.
  path: Assets/Resources/Hats/mohawk.prefab
  artifactKey: Guid(53aa73d9a73496a4a9d8d6d4c390ad1d) Importer(815301076,1909f56bfc062723c751e8b465ee728b)
Start importing Assets/Resources/Hats/mohawk.prefab using Guid(53aa73d9a73496a4a9d8d6d4c390ad1d) Importer(815301076,1909f56bfc062723c751e8b465ee728b)  -> (artifact id: 'c1c2b2cb31297746164940efa424759f') in 0.013958 seconds
  Import took 0.017884 seconds .

========================================================================
Received Import Request.
  Time since last request: 2.094472 seconds.
  path: Assets/Resources/Hats/mohawk.prefab
  artifactKey: Guid(53aa73d9a73496a4a9d8d6d4c390ad1d) Importer(815301076,1909f56bfc062723c751e8b465ee728b)
Start importing Assets/Resources/Hats/mohawk.prefab using Guid(53aa73d9a73496a4a9d8d6d4c390ad1d) Importer(815301076,1909f56bfc062723c751e8b465ee728b)  -> (artifact id: '94b87ae445f8554636e8d0b857f232c1') in 0.016114 seconds
  Import took 0.019943 seconds .

========================================================================
Received Import Request.
  Time since last request: 1.999729 seconds.
  path: Assets/Resources/Hats/mohawk.prefab
  artifactKey: Guid(53aa73d9a73496a4a9d8d6d4c390ad1d) Importer(815301076,1909f56bfc062723c751e8b465ee728b)
Start importing Assets/Resources/Hats/mohawk.prefab using Guid(53aa73d9a73496a4a9d8d6d4c390ad1d) Importer(815301076,1909f56bfc062723c751e8b465ee728b)  -> (artifact id: '24415d6c36492427a52634cce67229f1') in 0.013516 seconds
  Import took 0.017069 seconds .

========================================================================
Received Import Request.
  Time since last request: 1.801184 seconds.
  path: Assets/Resources/Hats/mohawk.prefab
  artifactKey: Guid(53aa73d9a73496a4a9d8d6d4c390ad1d) Importer(815301076,1909f56bfc062723c751e8b465ee728b)
Start importing Assets/Resources/Hats/mohawk.prefab using Guid(53aa73d9a73496a4a9d8d6d4c390ad1d) Importer(815301076,1909f56bfc062723c751e8b465ee728b)  -> (artifact id: '41580fd7fa035c3859ca29972d3fc2b2') in 0.013988 seconds
  Import took 0.017854 seconds .

========================================================================
Received Import Request.
  Time since last request: 0.004409 seconds.
  path: Assets/Resources/Hats/mohawk.prefab
  artifactKey: Guid(53aa73d9a73496a4a9d8d6d4c390ad1d) Importer(815301076,1909f56bfc062723c751e8b465ee728b)
Start importing Assets/Resources/Hats/mohawk.prefab using Guid(53aa73d9a73496a4a9d8d6d4c390ad1d) Importer(815301076,1909f56bfc062723c751e8b465ee728b)  -> (artifact id: '41580fd7fa035c3859ca29972d3fc2b2') in 0.008662 seconds
  Import took 0.012304 seconds .

========================================================================
Received Import Request.
  Time since last request: 2.998394 seconds.
  path: Assets/Resources/Hats/mohawk.prefab
  artifactKey: Guid(53aa73d9a73496a4a9d8d6d4c390ad1d) Importer(815301076,1909f56bfc062723c751e8b465ee728b)
Start importing Assets/Resources/Hats/mohawk.prefab using Guid(53aa73d9a73496a4a9d8d6d4c390ad1d) Importer(815301076,1909f56bfc062723c751e8b465ee728b)  -> (artifact id: '549f0e93b385a91f7049e583af3ffc48') in 0.014384 seconds
  Import took 0.018475 seconds .

========================================================================
Received Import Request.
  Time since last request: 1.214505 seconds.
  path: Assets/Resources/Hats/mohawk.prefab
  artifactKey: Guid(53aa73d9a73496a4a9d8d6d4c390ad1d) Importer(815301076,1909f56bfc062723c751e8b465ee728b)
Start importing Assets/Resources/Hats/mohawk.prefab using Guid(53aa73d9a73496a4a9d8d6d4c390ad1d) Importer(815301076,1909f56bfc062723c751e8b465ee728b)  -> (artifact id: 'b992e73414d210b8ee63c1f1414d47c7') in 0.015942 seconds
  Import took 0.019655 seconds .

========================================================================
Received Import Request.
  Time since last request: 7.862465 seconds.
  path: Assets/Resources/Hats/mohawk.prefab
  artifactKey: Guid(53aa73d9a73496a4a9d8d6d4c390ad1d) Importer(815301076,1909f56bfc062723c751e8b465ee728b)
Start importing Assets/Resources/Hats/mohawk.prefab using Guid(53aa73d9a73496a4a9d8d6d4c390ad1d) Importer(815301076,1909f56bfc062723c751e8b465ee728b)  -> (artifact id: '19cb63073191053f141f30d45fea5088') in 0.009533 seconds
  Import took 0.013706 seconds .

========================================================================
Received Import Request.
  Time since last request: 0.009120 seconds.
  path: Assets/Resources/Hats/mohawk.prefab
  artifactKey: Guid(53aa73d9a73496a4a9d8d6d4c390ad1d) Importer(815301076,1909f56bfc062723c751e8b465ee728b)
Start importing Assets/Resources/Hats/mohawk.prefab using Guid(53aa73d9a73496a4a9d8d6d4c390ad1d) Importer(815301076,1909f56bfc062723c751e8b465ee728b)  -> (artifact id: '19cb63073191053f141f30d45fea5088') in 0.008662 seconds
  Import took 0.011959 seconds .

========================================================================
Received Import Request.
  Time since last request: 1.981929 seconds.
  path: Assets/Resources/Hats/mohawk.prefab
  artifactKey: Guid(53aa73d9a73496a4a9d8d6d4c390ad1d) Importer(815301076,1909f56bfc062723c751e8b465ee728b)
Start importing Assets/Resources/Hats/mohawk.prefab using Guid(53aa73d9a73496a4a9d8d6d4c390ad1d) Importer(815301076,1909f56bfc062723c751e8b465ee728b)  -> (artifact id: 'ee3908fdfef012b8c51cf15ffffb777d') in 0.008778 seconds
  Import took 0.012246 seconds .

========================================================================
Received Import Request.
  Time since last request: 3.224326 seconds.
  path: Assets/Resources/Hats/mohawk.prefab
  artifactKey: Guid(53aa73d9a73496a4a9d8d6d4c390ad1d) Importer(815301076,1909f56bfc062723c751e8b465ee728b)
Start importing Assets/Resources/Hats/mohawk.prefab using Guid(53aa73d9a73496a4a9d8d6d4c390ad1d) Importer(815301076,1909f56bfc062723c751e8b465ee728b)  -> (artifact id: 'ff6e126fe6e0848947509584ba5227fd') in 0.011770 seconds
  Import took 0.015697 seconds .

========================================================================
Received Prepare
Registering precompiled user dll's ...
Registered in 0.003994 seconds.
Begin MonoManager ReloadAssembly
Native extension for WindowsStandalone target not found
Native extension for OSXStandalone target not found
Native extension for WebGL target not found
Refreshing native plugins compatible for Editor in 0.51 ms, found 3 plugins.
Preloading 0 native plugins for Editor in 0.00 ms.
Mono: successfully reloaded assembly
- Completed reload, in  1.085 seconds
Platform modules already initialized, skipping
Refreshing native plugins compatible for Editor in 0.51 ms, found 3 plugins.
Preloading 0 native plugins for Editor in 0.00 ms.
Unloading 2190 Unused Serialized files (Serialized files now loaded: 0)
System memory in use before: 128.2 MB.
System memory in use after: 128.4 MB.

Unloading 18 unused Assets to reduce memory usage. Loaded Objects now: 2770.
Total: 2.067700 ms (FindLiveObjects: 0.196200 ms CreateObjectMapping: 0.093300 ms MarkObjects: 1.670000 ms  DeleteObjects: 0.107100 ms)

========================================================================
Received Import Request.
  Time since last request: 32.908060 seconds.
  path: Assets/Resources/Hats/mohawk.prefab
  artifactKey: Guid(53aa73d9a73496a4a9d8d6d4c390ad1d) Importer(815301076,1909f56bfc062723c751e8b465ee728b)
Start importing Assets/Resources/Hats/mohawk.prefab using Guid(53aa73d9a73496a4a9d8d6d4c390ad1d) Importer(815301076,1909f56bfc062723c751e8b465ee728b)  -> (artifact id: 'd028293383a1aa0dd2d7495852defe28') in 0.071277 seconds
  Import took 0.074695 seconds .

========================================================================
Received Prepare
Registering precompiled user dll's ...
Registered in 0.004187 seconds.
Begin MonoManager ReloadAssembly
Native extension for WindowsStandalone target not found
Native extension for OSXStandalone target not found
Native extension for WebGL target not found
Refreshing native plugins compatible for Editor in 0.54 ms, found 3 plugins.
Preloading 0 native plugins for Editor in 0.00 ms.
Mono: successfully reloaded assembly
- Completed reload, in  1.072 seconds
Platform modules already initialized, skipping
Refreshing native plugins compatible for Editor in 0.50 ms, found 3 plugins.
Preloading 0 native plugins for Editor in 0.00 ms.
Unloading 2190 Unused Serialized files (Serialized files now loaded: 0)
System memory in use before: 128.3 MB.
System memory in use after: 128.4 MB.

Unloading 18 unused Assets to reduce memory usage. Loaded Objects now: 2775.
Total: 2.361400 ms (FindLiveObjects: 0.299100 ms CreateObjectMapping: 0.098700 ms MarkObjects: 1.848600 ms  DeleteObjects: 0.113600 ms)

========================================================================
Received Import Request.
  Time since last request: 26.882106 seconds.
  path: Assets/Resources/Hats/mohawk.prefab
  artifactKey: Guid(53aa73d9a73496a4a9d8d6d4c390ad1d) Importer(815301076,1909f56bfc062723c751e8b465ee728b)
Start importing Assets/Resources/Hats/mohawk.prefab using Guid(53aa73d9a73496a4a9d8d6d4c390ad1d) Importer(815301076,1909f56bfc062723c751e8b465ee728b)  -> (artifact id: '9120bb714e350581f36bec050cba6d6d') in 0.071358 seconds
  Import took 0.074912 seconds .

========================================================================
Received Prepare
Registering precompiled user dll's ...
Registered in 0.004804 seconds.
Begin MonoManager ReloadAssembly
Native extension for WindowsStandalone target not found
Native extension for OSXStandalone target not found
Native extension for WebGL target not found
Refreshing native plugins compatible for Editor in 0.60 ms, found 3 plugins.
Preloading 0 native plugins for Editor in 0.00 ms.
Mono: successfully reloaded assembly
- Completed reload, in  1.110 seconds
Platform modules already initialized, skipping
Refreshing native plugins compatible for Editor in 0.54 ms, found 3 plugins.
Preloading 0 native plugins for Editor in 0.00 ms.
Unloading 2190 Unused Serialized files (Serialized files now loaded: 0)
System memory in use before: 128.3 MB.
System memory in use after: 128.5 MB.

Unloading 18 unused Assets to reduce memory usage. Loaded Objects now: 2780.
Total: 2.042500 ms (FindLiveObjects: 0.206400 ms CreateObjectMapping: 0.086000 ms MarkObjects: 1.641500 ms  DeleteObjects: 0.107500 ms)

========================================================================
Received Import Request.
  Time since last request: 49.147938 seconds.
  path: Assets/Resources/Hats/mohawk.prefab
  artifactKey: Guid(53aa73d9a73496a4a9d8d6d4c390ad1d) Importer(815301076,1909f56bfc062723c751e8b465ee728b)
Start importing Assets/Resources/Hats/mohawk.prefab using Guid(53aa73d9a73496a4a9d8d6d4c390ad1d) Importer(815301076,1909f56bfc062723c751e8b465ee728b)  -> (artifact id: 'b3dd0526efa6b6c665f089b79dfa1bad') in 0.068925 seconds
  Import took 0.072282 seconds .

========================================================================
Received Prepare
Registering precompiled user dll's ...
Registered in 0.004072 seconds.
Begin MonoManager ReloadAssembly
Native extension for WindowsStandalone target not found
Native extension for OSXStandalone target not found
Native extension for WebGL target not found
Refreshing native plugins compatible for Editor in 0.73 ms, found 3 plugins.
Preloading 0 native plugins for Editor in 0.00 ms.
Mono: successfully reloaded assembly
- Completed reload, in  1.036 seconds
Platform modules already initialized, skipping
Refreshing native plugins compatible for Editor in 0.52 ms, found 3 plugins.
Preloading 0 native plugins for Editor in 0.00 ms.
Unloading 2190 Unused Serialized files (Serialized files now loaded: 0)
System memory in use before: 128.3 MB.
System memory in use after: 128.5 MB.

Unloading 18 unused Assets to reduce memory usage. Loaded Objects now: 2785.
Total: 2.006900 ms (FindLiveObjects: 0.199400 ms CreateObjectMapping: 0.086900 ms MarkObjects: 1.616500 ms  DeleteObjects: 0.103400 ms)

========================================================================
Received Import Request.
  Time since last request: 42.476727 seconds.
  path: Assets/Resources/Hats/mohawk.prefab
  artifactKey: Guid(53aa73d9a73496a4a9d8d6d4c390ad1d) Importer(815301076,1909f56bfc062723c751e8b465ee728b)
Start importing Assets/Resources/Hats/mohawk.prefab using Guid(53aa73d9a73496a4a9d8d6d4c390ad1d) Importer(815301076,1909f56bfc062723c751e8b465ee728b)  -> (artifact id: '61bf9e8367b888312af34a0e91bd9bde') in 0.070909 seconds
  Import took 0.074499 seconds .

========================================================================
Received Prepare
Registering precompiled user dll's ...
Registered in 0.004141 seconds.
Begin MonoManager ReloadAssembly
Native extension for WindowsStandalone target not found
Native extension for OSXStandalone target not found
Native extension for WebGL target not found
Refreshing native plugins compatible for Editor in 0.51 ms, found 3 plugins.
Preloading 0 native plugins for Editor in 0.00 ms.
Mono: successfully reloaded assembly
- Completed reload, in  1.052 seconds
Platform modules already initialized, skipping
Refreshing native plugins compatible for Editor in 0.51 ms, found 3 plugins.
Preloading 0 native plugins for Editor in 0.00 ms.
Unloading 2190 Unused Serialized files (Serialized files now loaded: 0)
System memory in use before: 128.3 MB.
System memory in use after: 128.5 MB.

Unloading 18 unused Assets to reduce memory usage. Loaded Objects now: 2790.
Total: 2.408300 ms (FindLiveObjects: 0.222600 ms CreateObjectMapping: 0.084400 ms MarkObjects: 1.985300 ms  DeleteObjects: 0.114700 ms)

========================================================================
Received Import Request.
  Time since last request: 43.319888 seconds.
  path: Assets/Resources/Hats/mohawk.prefab
  artifactKey: Guid(53aa73d9a73496a4a9d8d6d4c390ad1d) Importer(815301076,1909f56bfc062723c751e8b465ee728b)
Start importing Assets/Resources/Hats/mohawk.prefab using Guid(53aa73d9a73496a4a9d8d6d4c390ad1d) Importer(815301076,1909f56bfc062723c751e8b465ee728b)  -> (artifact id: 'd8425fe3415c5d76697f5d2ed3df637d') in 0.078471 seconds
  Import took 0.082516 seconds .

========================================================================
Received Import Request.
  Time since last request: 0.002933 seconds.
  path: Assets/Resources/Hats/mohawk.prefab
  artifactKey: Guid(53aa73d9a73496a4a9d8d6d4c390ad1d) Importer(815301076,1909f56bfc062723c751e8b465ee728b)
Start importing Assets/Resources/Hats/mohawk.prefab using Guid(53aa73d9a73496a4a9d8d6d4c390ad1d) Importer(815301076,1909f56bfc062723c751e8b465ee728b)  -> (artifact id: 'f017e2a8dc14ac6c3f17fea126f42967') in 0.008902 seconds
  Import took 0.012724 seconds .

========================================================================
Received Import Request.
  Time since last request: 0.014719 seconds.
  path: Assets/Resources/Hats/mohawk.prefab
  artifactKey: Guid(53aa73d9a73496a4a9d8d6d4c390ad1d) Importer(815301076,1909f56bfc062723c751e8b465ee728b)
Start importing Assets/Resources/Hats/mohawk.prefab using Guid(53aa73d9a73496a4a9d8d6d4c390ad1d) Importer(815301076,1909f56bfc062723c751e8b465ee728b)  -> (artifact id: 'f017e2a8dc14ac6c3f17fea126f42967') in 0.007729 seconds
  Import took 0.011102 seconds .

========================================================================
Received Import Request.
  Time since last request: 47.514643 seconds.
  path: Assets/Resources/Hats/mohawk.prefab
  artifactKey: Guid(53aa73d9a73496a4a9d8d6d4c390ad1d) Importer(815301076,1909f56bfc062723c751e8b465ee728b)
Start importing Assets/Resources/Hats/mohawk.prefab using Guid(53aa73d9a73496a4a9d8d6d4c390ad1d) Importer(815301076,1909f56bfc062723c751e8b465ee728b)  -> (artifact id: 'e4070ff8348aa4e931e215a78392208d') in 0.008567 seconds
  Import took 0.012374 seconds .

========================================================================
Received Import Request.
  Time since last request: 156.962535 seconds.
  path: Assets/Resources/Hats/halo.prefab
  artifactKey: Guid(749f851639cf7694fbc850aee5322c65) Importer(815301076,1909f56bfc062723c751e8b465ee728b)
Start importing Assets/Resources/Hats/halo.prefab using Guid(749f851639cf7694fbc850aee5322c65) Importer(815301076,1909f56bfc062723c751e8b465ee728b)  -> (artifact id: '659cb22b6906203c1149890716a6ed30') in 0.016572 seconds
  Import took 0.020158 seconds .

========================================================================
Received Import Request.
  Time since last request: 12.859498 seconds.
  path: Assets/Resources/Hats/rkey.prefab
  artifactKey: Guid(ee379446c49bb3648967c8743ef7fefe) Importer(815301076,1909f56bfc062723c751e8b465ee728b)
Start importing Assets/Resources/Hats/rkey.prefab using Guid(ee379446c49bb3648967c8743ef7fefe) Importer(815301076,1909f56bfc062723c751e8b465ee728b)  -> (artifact id: 'c237b63ef959a85a9e0bc8fb59bc445e') in 0.014297 seconds
  Import took 0.017897 seconds .

========================================================================
Received Prepare
Registering precompiled user dll's ...
Registered in 0.004275 seconds.
Begin MonoManager ReloadAssembly
Native extension for WindowsStandalone target not found
Native extension for OSXStandalone target not found
Native extension for WebGL target not found
Refreshing native plugins compatible for Editor in 0.51 ms, found 3 plugins.
Preloading 0 native plugins for Editor in 0.00 ms.
Mono: successfully reloaded assembly
- Completed reload, in  1.073 seconds
Platform modules already initialized, skipping
Refreshing native plugins compatible for Editor in 0.51 ms, found 3 plugins.
Preloading 0 native plugins for Editor in 0.00 ms.
Unloading 2190 Unused Serialized files (Serialized files now loaded: 0)
System memory in use before: 128.3 MB.
System memory in use after: 128.5 MB.

Unloading 18 unused Assets to reduce memory usage. Loaded Objects now: 2795.
Total: 2.068600 ms (FindLiveObjects: 0.205200 ms CreateObjectMapping: 0.097300 ms MarkObjects: 1.658300 ms  DeleteObjects: 0.106400 ms)

========================================================================
Received Prepare
Registering precompiled user dll's ...
Registered in 0.004089 seconds.
Begin MonoManager ReloadAssembly
Native extension for WindowsStandalone target not found
Native extension for OSXStandalone target not found
Native extension for WebGL target not found
Refreshing native plugins compatible for Editor in 0.50 ms, found 3 plugins.
Preloading 0 native plugins for Editor in 0.00 ms.
Mono: successfully reloaded assembly
- Completed reload, in  1.046 seconds
Platform modules already initialized, skipping
Refreshing native plugins compatible for Editor in 0.53 ms, found 3 plugins.
Preloading 0 native plugins for Editor in 0.00 ms.
Unloading 2190 Unused Serialized files (Serialized files now loaded: 0)
System memory in use before: 128.4 MB.
System memory in use after: 128.5 MB.

Unloading 18 unused Assets to reduce memory usage. Loaded Objects now: 2799.
Total: 2.113100 ms (FindLiveObjects: 0.213700 ms CreateObjectMapping: 0.093400 ms MarkObjects: 1.691200 ms  DeleteObjects: 0.113900 ms)

========================================================================
Received Import Request.
  Time since last request: 107.639781 seconds.
  path: Assets/Resources/Hats/rkey.prefab
  artifactKey: Guid(ee379446c49bb3648967c8743ef7fefe) Importer(815301076,1909f56bfc062723c751e8b465ee728b)
Start importing Assets/Resources/Hats/rkey.prefab using Guid(ee379446c49bb3648967c8743ef7fefe) Importer(815301076,1909f56bfc062723c751e8b465ee728b)  -> (artifact id: '15ee279a755ad0b76b7ebc88e5894989') in 0.091717 seconds
  Import took 0.095258 seconds .

========================================================================
Received Import Request.
  Time since last request: 0.000167 seconds.
  path: Assets/Resources/Hats/mohawk.prefab
  artifactKey: Guid(53aa73d9a73496a4a9d8d6d4c390ad1d) Importer(815301076,1909f56bfc062723c751e8b465ee728b)
Start importing Assets/Resources/Hats/mohawk.prefab using Guid(53aa73d9a73496a4a9d8d6d4c390ad1d) Importer(815301076,1909f56bfc062723c751e8b465ee728b)  -> (artifact id: '72d985f72fca30a5c380f5495c605a69') in 0.010315 seconds
  Import took 0.014451 seconds .

========================================================================
Received Prepare
Registering precompiled user dll's ...
Registered in 0.004334 seconds.
Begin MonoManager ReloadAssembly
Native extension for WindowsStandalone target not found
Native extension for OSXStandalone target not found
Native extension for WebGL target not found
Refreshing native plugins compatible for Editor in 0.59 ms, found 3 plugins.
Preloading 0 native plugins for Editor in 0.00 ms.
Mono: successfully reloaded assembly
- Completed reload, in  1.054 seconds
Platform modules already initialized, skipping
Refreshing native plugins compatible for Editor in 0.51 ms, found 3 plugins.
Preloading 0 native plugins for Editor in 0.00 ms.
Unloading 2190 Unused Serialized files (Serialized files now loaded: 0)
System memory in use before: 128.4 MB.
System memory in use after: 128.6 MB.

Unloading 18 unused Assets to reduce memory usage. Loaded Objects now: 2804.
Total: 2.108100 ms (FindLiveObjects: 0.208100 ms CreateObjectMapping: 0.090800 ms MarkObjects: 1.695300 ms  DeleteObjects: 0.112600 ms)

========================================================================
Received Import Request.
  Time since last request: 75.249133 seconds.
  path: Assets/Resources/Hats/mohawk 1.prefab
  artifactKey: Guid(479b353fe16c7904eabc280977deac29) Importer(815301076,1909f56bfc062723c751e8b465ee728b)
Start importing Assets/Resources/Hats/mohawk 1.prefab using Guid(479b353fe16c7904eabc280977deac29) Importer(815301076,1909f56bfc062723c751e8b465ee728b)  -> (artifact id: '2f2ceb986f88d60bb1c38fc53f4fd45e') in 0.074109 seconds
  Import took 0.077782 seconds .

========================================================================
Received Import Request.
  Time since last request: 2.459424 seconds.
  path: Assets/Resources/Hats/mohawk1.prefab
  artifactKey: Guid(479b353fe16c7904eabc280977deac29) Importer(815301076,1909f56bfc062723c751e8b465ee728b)
Start importing Assets/Resources/Hats/mohawk1.prefab using Guid(479b353fe16c7904eabc280977deac29) Importer(815301076,1909f56bfc062723c751e8b465ee728b)  -> (artifact id: '7f6a60d07900ada7aadd3acd3403e920') in 0.015156 seconds
  Import took 0.019053 seconds .

========================================================================
Received Import Request.
  Time since last request: 24.890922 seconds.
  path: Assets/Resources/mohawk1.prefab
  artifactKey: Guid(479b353fe16c7904eabc280977deac29) Importer(815301076,1909f56bfc062723c751e8b465ee728b)
Start importing Assets/Resources/mohawk1.prefab using Guid(479b353fe16c7904eabc280977deac29) Importer(815301076,1909f56bfc062723c751e8b465ee728b)  -> (artifact id: 'bb50854a4912850e54bffe81c2012dce') in 0.014236 seconds
  Import took 0.018318 seconds .

========================================================================
Received Import Request.
  Time since last request: 2.636542 seconds.
  path: Assets/Resources/mohawk1.prefab
  artifactKey: Guid(479b353fe16c7904eabc280977deac29) Importer(815301076,1909f56bfc062723c751e8b465ee728b)
Start importing Assets/Resources/mohawk1.prefab using Guid(479b353fe16c7904eabc280977deac29) Importer(815301076,1909f56bfc062723c751e8b465ee728b)  -> (artifact id: 'bcfece4358a9d1093f26be28855c4352') in 0.013286 seconds
  Import took 0.017312 seconds .

========================================================================
Received Import Request.
  Time since last request: 24.388187 seconds.
  path: Assets/Resources/mohawk1.prefab
  artifactKey: Guid(479b353fe16c7904eabc280977deac29) Importer(815301076,1909f56bfc062723c751e8b465ee728b)
Start importing Assets/Resources/mohawk1.prefab using Guid(479b353fe16c7904eabc280977deac29) Importer(815301076,1909f56bfc062723c751e8b465ee728b)  -> (artifact id: '658891fd6a7df657e68efba508c6e6d9') in 0.017135 seconds
  Import took 0.024018 seconds .

========================================================================
Received Prepare
Registering precompiled user dll's ...
Registered in 0.004111 seconds.
Begin MonoManager ReloadAssembly
Native extension for WindowsStandalone target not found
Native extension for OSXStandalone target not found
Native extension for WebGL target not found
Refreshing native plugins compatible for Editor in 0.52 ms, found 3 plugins.
Preloading 0 native plugins for Editor in 0.00 ms.
Mono: successfully reloaded assembly
- Completed reload, in  1.179 seconds
Platform modules already initialized, skipping
Refreshing native plugins compatible for Editor in 0.51 ms, found 3 plugins.
Preloading 0 native plugins for Editor in 0.00 ms.
Unloading 2190 Unused Serialized files (Serialized files now loaded: 0)
System memory in use before: 128.4 MB.
System memory in use after: 128.6 MB.

Unloading 18 unused Assets to reduce memory usage. Loaded Objects now: 2809.
Total: 2.450500 ms (FindLiveObjects: 0.292300 ms CreateObjectMapping: 0.120200 ms MarkObjects: 1.929800 ms  DeleteObjects: 0.107400 ms)

========================================================================
Received Import Request.
  Time since last request: 32.362945 seconds.
  path: Assets/Resources/mohawk1.prefab
  artifactKey: Guid(479b353fe16c7904eabc280977deac29) Importer(815301076,1909f56bfc062723c751e8b465ee728b)
Start importing Assets/Resources/mohawk1.prefab using Guid(479b353fe16c7904eabc280977deac29) Importer(815301076,1909f56bfc062723c751e8b465ee728b)  -> (artifact id: '04fbe13c7c64dae14467c9c7b800bb6a') in 0.076285 seconds
  Import took 0.079932 seconds .

========================================================================
Received Prepare
Registering precompiled user dll's ...
Registered in 0.004055 seconds.
Begin MonoManager ReloadAssembly
Native extension for WindowsStandalone target not found
Native extension for OSXStandalone target not found
Native extension for WebGL target not found
Refreshing native plugins compatible for Editor in 0.51 ms, found 3 plugins.
Preloading 0 native plugins for Editor in 0.00 ms.
Mono: successfully reloaded assembly
- Completed reload, in  1.049 seconds
Platform modules already initialized, skipping
Refreshing native plugins compatible for Editor in 0.51 ms, found 3 plugins.
Preloading 0 native plugins for Editor in 0.00 ms.
Unloading 2190 Unused Serialized files (Serialized files now loaded: 0)
System memory in use before: 128.4 MB.
System memory in use after: 128.6 MB.

Unloading 18 unused Assets to reduce memory usage. Loaded Objects now: 2814.
Total: 2.113100 ms (FindLiveObjects: 0.227200 ms CreateObjectMapping: 0.102900 ms MarkObjects: 1.671600 ms  DeleteObjects: 0.110500 ms)

========================================================================
Received Import Request.
  Time since last request: 120.986365 seconds.
  path: Assets/Resources/GameHats/mohawk1.prefab
  artifactKey: Guid(479b353fe16c7904eabc280977deac29) Importer(815301076,1909f56bfc062723c751e8b465ee728b)
Start importing Assets/Resources/GameHats/mohawk1.prefab using Guid(479b353fe16c7904eabc280977deac29) Importer(815301076,1909f56bfc062723c751e8b465ee728b)  -> (artifact id: 'a46968a99f0f55419e95287db8af157b') in 0.073863 seconds
  Import took 0.077992 seconds .

========================================================================
Received Import Request.
  Time since last request: 12.485395 seconds.
  path: Assets/Resources/GameHats/mohawk1.prefab
  artifactKey: Guid(479b353fe16c7904eabc280977deac29) Importer(815301076,1909f56bfc062723c751e8b465ee728b)
Start importing Assets/Resources/GameHats/mohawk1.prefab using Guid(479b353fe16c7904eabc280977deac29) Importer(815301076,1909f56bfc062723c751e8b465ee728b)  -> (artifact id: '11accf1baf25c34df82a4a0eb33c9535') in 0.014776 seconds
  Import took 0.018569 seconds .

========================================================================
Received Prepare
Registering precompiled user dll's ...
Registered in 0.004077 seconds.
Begin MonoManager ReloadAssembly
Native extension for WindowsStandalone target not found
Native extension for OSXStandalone target not found
Native extension for WebGL target not found
Refreshing native plugins compatible for Editor in 0.78 ms, found 3 plugins.
Preloading 0 native plugins for Editor in 0.00 ms.
Mono: successfully reloaded assembly
- Completed reload, in  1.167 seconds
Platform modules already initialized, skipping
Refreshing native plugins compatible for Editor in 0.51 ms, found 3 plugins.
Preloading 0 native plugins for Editor in 0.00 ms.
Unloading 2190 Unused Serialized files (Serialized files now loaded: 0)
System memory in use before: 128.4 MB.
System memory in use after: 128.6 MB.

Unloading 18 unused Assets to reduce memory usage. Loaded Objects now: 2819.
Total: 2.324400 ms (FindLiveObjects: 0.215100 ms CreateObjectMapping: 0.101400 ms MarkObjects: 1.890800 ms  DeleteObjects: 0.116000 ms)

========================================================================
Received Import Request.
  Time since last request: 13.948111 seconds.
  path: Assets/Resources/GameHats/mohawk1.prefab
  artifactKey: Guid(479b353fe16c7904eabc280977deac29) Importer(815301076,1909f56bfc062723c751e8b465ee728b)
Start importing Assets/Resources/GameHats/mohawk1.prefab using Guid(479b353fe16c7904eabc280977deac29) Importer(815301076,1909f56bfc062723c751e8b465ee728b)  -> (artifact id: 'b59940b2b1a1b22be41058e29ec78c04') in 0.074000 seconds
  Import took 0.078057 seconds .

========================================================================
Received Prepare
Registering precompiled user dll's ...
Registered in 0.004164 seconds.
Begin MonoManager ReloadAssembly
Native extension for WindowsStandalone target not found
Native extension for OSXStandalone target not found
Native extension for WebGL target not found
Refreshing native plugins compatible for Editor in 0.52 ms, found 3 plugins.
Preloading 0 native plugins for Editor in 0.00 ms.
Mono: successfully reloaded assembly
- Completed reload, in  1.172 seconds
Platform modules already initialized, skipping
Refreshing native plugins compatible for Editor in 0.51 ms, found 3 plugins.
Preloading 0 native plugins for Editor in 0.00 ms.
Unloading 2190 Unused Serialized files (Serialized files now loaded: 0)
System memory in use before: 128.5 MB.
System memory in use after: 128.7 MB.

Unloading 18 unused Assets to reduce memory usage. Loaded Objects now: 2824.
Total: 2.394100 ms (FindLiveObjects: 0.235200 ms CreateObjectMapping: 0.098300 ms MarkObjects: 1.866200 ms  DeleteObjects: 0.193000 ms)

========================================================================
Received Import Request.
  Time since last request: 95.408431 seconds.
  path: Assets/Resources/GameHats/mohawk1.prefab
  artifactKey: Guid(479b353fe16c7904eabc280977deac29) Importer(815301076,1909f56bfc062723c751e8b465ee728b)
Start importing Assets/Resources/GameHats/mohawk1.prefab using Guid(479b353fe16c7904eabc280977deac29) Importer(815301076,1909f56bfc062723c751e8b465ee728b)  -> (artifact id: 'e9aabb10118286e5c72e68046fe7b2d9') in 0.068065 seconds
  Import took 0.072321 seconds .

========================================================================
Received Import Request.
  Time since last request: 732.395716 seconds.
  path: Assets/Resources/mohawk.blend
  artifactKey: Guid(e58a83ae15b4a2d428707517ab7c0fe4) Importer(815301076,1909f56bfc062723c751e8b465ee728b)
Start importing Assets/Resources/mohawk.blend using Guid(e58a83ae15b4a2d428707517ab7c0fe4) Importer(815301076,1909f56bfc062723c751e8b465ee728b)  -> (artifact id: 'c4d27c009c1def6cd0daa45aa9423dcc') in 0.044831 seconds
  Import took 0.048974 seconds .

========================================================================
Received Import Request.
  Time since last request: 18.722835 seconds.
  path: Assets/Resources/mohawk.obj
  artifactKey: Guid(dae6fa44f25907d458f6dc640ce9ca86) Importer(815301076,1909f56bfc062723c751e8b465ee728b)
Start importing Assets/Resources/mohawk.obj using Guid(dae6fa44f25907d458f6dc640ce9ca86) Importer(815301076,1909f56bfc062723c751e8b465ee728b)  -> (artifact id: 'f1d27eac4f9882a1c3f3bcf20d06a874') in 0.020868 seconds
  Import took 0.024339 seconds .

========================================================================
Received Import Request.
  Time since last request: 37.842990 seconds.
  path: Assets/Resources/Hats/mohawk.prefab
  artifactKey: Guid(53aa73d9a73496a4a9d8d6d4c390ad1d) Importer(815301076,1909f56bfc062723c751e8b465ee728b)
Start importing Assets/Resources/Hats/mohawk.prefab using Guid(53aa73d9a73496a4a9d8d6d4c390ad1d) Importer(815301076,1909f56bfc062723c751e8b465ee728b)  -> (artifact id: '5c231e662c59e6881c98f666a6edd1bf') in 0.012695 seconds
  Import took 0.016222 seconds .

========================================================================
Received Prepare
Registering precompiled user dll's ...
Registered in 0.004082 seconds.
Begin MonoManager ReloadAssembly
Native extension for WindowsStandalone target not found
Native extension for OSXStandalone target not found
Native extension for WebGL target not found
Refreshing native plugins compatible for Editor in 0.51 ms, found 3 plugins.
Preloading 0 native plugins for Editor in 0.00 ms.
Mono: successfully reloaded assembly
- Completed reload, in  1.071 seconds
Platform modules already initialized, skipping
Refreshing native plugins compatible for Editor in 0.52 ms, found 3 plugins.
Preloading 0 native plugins for Editor in 0.00 ms.
Unloading 2190 Unused Serialized files (Serialized files now loaded: 0)
System memory in use before: 128.5 MB.
System memory in use after: 128.7 MB.

Unloading 18 unused Assets to reduce memory usage. Loaded Objects now: 2829.
Total: 2.134100 ms (FindLiveObjects: 0.219900 ms CreateObjectMapping: 0.101300 ms MarkObjects: 1.691900 ms  DeleteObjects: 0.119900 ms)

========================================================================
Received Prepare
Refreshing native plugins compatible for Editor in 3.71 ms, found 3 plugins.
Preloading 0 native plugins for Editor in 0.00 ms.
Unloading 16 Unused Serialized files (Serialized files now loaded: 0)
System memory in use before: 85.6 MB.
System memory in use after: 85.8 MB.

Unloading 16 unused Assets to reduce memory usage. Loaded Objects now: 2829.
Total: 2.027100 ms (FindLiveObjects: 0.218400 ms CreateObjectMapping: 0.092700 ms MarkObjects: 1.605800 ms  DeleteObjects: 0.109300 ms)

