Using pre-set license
Built from '2020.3/staging' branch; Version is '2020.3.11f1 (99c7afb366b3) revision 10078127'; Using compiler version '192528614'; Build Type 'Release'
OS: 'Windows 10 Home; OS build 19045.2965; Version 2009; 64bit' Language: 'no' Physical Memory: 16302 MB
BatchMode: 1, IsHumanControllingUs: 0, StartBugReporterOnCrash: 0, Is64bit: 1, IsPro: 0

 COMMAND LINE ARGUMENTS:
C:\Program Files\Unity\Hub\Editor\2020.3.11f1\Editor\Unity.exe
-adb2
-batchMode
-noUpm
-name
AssetImportWorker3
-projectPath
C:/Users/bramm/Race
-logFile
Logs/AssetImportWorker3.log
-srvPort
58121
Successfully changed project path to: C:/Users/bramm/Race
C:/Users/bramm/Race
Using Asset Import Pipeline V2.
Refreshing native plugins compatible for Editor in 50.87 ms, found 3 plugins.
Preloading 0 native plugins for Editor in 0.00 ms.
Initialize engine version: 2020.3.11f1 (99c7afb366b3)
[Subsystems] Discovering subsystems at path C:/Program Files/Unity/Hub/Editor/2020.3.11f1/Editor/Data/Resources/UnitySubsystems
[Subsystems] Discovering subsystems at path C:/Users/bramm/Race/Assets
GfxDevice: creating device client; threaded=0
Direct3D:
    Version:  Direct3D 11.0 [level 11.1]
    Renderer: NVIDIA GeForce GTX 1660 SUPER (ID=0x21c4)
    Vendor:   
    VRAM:     5980 MB
    Driver:   31.0.15.3179
Initialize mono
Mono path[0] = 'C:/Program Files/Unity/Hub/Editor/2020.3.11f1/Editor/Data/Managed'
Mono path[1] = 'C:/Program Files/Unity/Hub/Editor/2020.3.11f1/Editor/Data/MonoBleedingEdge/lib/mono/unityjit'
Mono config path = 'C:/Program Files/Unity/Hub/Editor/2020.3.11f1/Editor/Data/MonoBleedingEdge/etc'
Using monoOptions --debugger-agent=transport=dt_socket,embedding=1,server=y,suspend=n,address=127.0.0.1:56372
Begin MonoManager ReloadAssembly
Registering precompiled unity dll's ...
Register platform support module: C:/Program Files/Unity/Hub/Editor/2020.3.11f1/Editor/Data/PlaybackEngines/WebGLSupport/UnityEditor.WebGL.Extensions.dll
Register platform support module: C:/Program Files/Unity/Hub/Editor/2020.3.11f1/Editor/Data/PlaybackEngines/MacStandaloneSupport/UnityEditor.OSXStandalone.Extensions.dll
Register platform support module: C:/Program Files/Unity/Hub/Editor/2020.3.11f1/Editor/Data/PlaybackEngines/WindowsStandaloneSupport/UnityEditor.WindowsStandalone.Extensions.dll
Registered in 0.002174 seconds.
Native extension for WindowsStandalone target not found
Native extension for OSXStandalone target not found
Native extension for WebGL target not found
Refreshing native plugins compatible for Editor in 50.66 ms, found 3 plugins.
Preloading 0 native plugins for Editor in 0.00 ms.
Mono: successfully reloaded assembly
- Completed reload, in  3.226 seconds
Platform modules already initialized, skipping
Registering precompiled user dll's ...
Registered in 0.004570 seconds.
Begin MonoManager ReloadAssembly
Native extension for WindowsStandalone target not found
Native extension for OSXStandalone target not found
Native extension for WebGL target not found
Refreshing native plugins compatible for Editor in 0.51 ms, found 3 plugins.
Preloading 0 native plugins for Editor in 0.00 ms.
Mono: successfully reloaded assembly
- Completed reload, in  1.128 seconds
Platform modules already initialized, skipping
========================================================================
Worker process is ready to serve import requests
Launched and connected shader compiler UnityShaderCompiler.exe after 0.04 seconds
Refreshing native plugins compatible for Editor in 0.48 ms, found 3 plugins.
Preloading 0 native plugins for Editor in 0.00 ms.
Unloading 2241 Unused Serialized files (Serialized files now loaded: 0)
System memory in use before: 128.8 MB.
System memory in use after: 128.9 MB.

Unloading 25 unused Assets to reduce memory usage. Loaded Objects now: 2706.
Total: 2.015300 ms (FindLiveObjects: 0.191100 ms CreateObjectMapping: 0.085700 ms MarkObjects: 1.627800 ms  DeleteObjects: 0.110000 ms)

========================================================================
Received Import Request.
  path: Assets/Resources/deadCars/deadCop.prefab
  artifactKey: Guid(de3f2d93ea0231640b351b6c745d768e) Importer(815301076,1909f56bfc062723c751e8b465ee728b)
Start importing Assets/Resources/deadCars/deadCop.prefab using Guid(de3f2d93ea0231640b351b6c745d768e) Importer(815301076,1909f56bfc062723c751e8b465ee728b)  -> (artifact id: 'f6a26c5805b57f42b2011cd6113cd842') in 0.112110 seconds
  Import took 0.115950 seconds .

========================================================================
Received Import Request.
  Time since last request: 0.000167 seconds.
  path: Assets/Resources/deadCars/deadSportsCar2.prefab
  artifactKey: Guid(7e4580b18f0cae64786593329726a572) Importer(815301076,1909f56bfc062723c751e8b465ee728b)
Start importing Assets/Resources/deadCars/deadSportsCar2.prefab using Guid(7e4580b18f0cae64786593329726a572) Importer(815301076,1909f56bfc062723c751e8b465ee728b)  -> (artifact id: '3ad9c5202f34073918964bd05597c9ce') in 0.012536 seconds
  Import took 0.016142 seconds .

========================================================================
Received Import Request.
  Time since last request: 0.000151 seconds.
  path: Assets/Resources/deadCars/deadTaxi.prefab
  artifactKey: Guid(26c5b95bd7721e64fa43707ff45abf50) Importer(815301076,1909f56bfc062723c751e8b465ee728b)
Start importing Assets/Resources/deadCars/deadTaxi.prefab using Guid(26c5b95bd7721e64fa43707ff45abf50) Importer(815301076,1909f56bfc062723c751e8b465ee728b)  -> (artifact id: 'f8710472e7c8fc84b87aff7afb7c80d0') in 0.011788 seconds
  Import took 0.015905 seconds .

========================================================================
Received Import Request.
  Time since last request: 0.000161 seconds.
  path: Assets/Resources/deadCars/deadSportsCar.prefab
  artifactKey: Guid(11cb238f900bdcb4f9db788f3a724e0a) Importer(815301076,1909f56bfc062723c751e8b465ee728b)
Start importing Assets/Resources/deadCars/deadSportsCar.prefab using Guid(11cb238f900bdcb4f9db788f3a724e0a) Importer(815301076,1909f56bfc062723c751e8b465ee728b)  -> (artifact id: 'f184ace2c454fa38df8c1268d4e65331') in 0.012175 seconds
  Import took 0.016107 seconds .

========================================================================
Received Import Request.
  Time since last request: 1.785808 seconds.
  path: Assets/Resources/PlayerCars/NormalCar.prefab
  artifactKey: Guid(9dbd8c512653a434f8b175a4399600f0) Importer(815301076,1909f56bfc062723c751e8b465ee728b)
Start importing Assets/Resources/PlayerCars/NormalCar.prefab using Guid(9dbd8c512653a434f8b175a4399600f0) Importer(815301076,1909f56bfc062723c751e8b465ee728b)  -> (artifact id: 'd6fa422a8d1158fcdadbe347e83647d1') in 0.014629 seconds
  Import took 0.018501 seconds .

========================================================================
Received Import Request.
  Time since last request: 0.028930 seconds.
  path: Assets/Resources/PlayerCars/NormalCar.prefab
  artifactKey: Guid(9dbd8c512653a434f8b175a4399600f0) Importer(815301076,1909f56bfc062723c751e8b465ee728b)
Start importing Assets/Resources/PlayerCars/NormalCar.prefab using Guid(9dbd8c512653a434f8b175a4399600f0) Importer(815301076,1909f56bfc062723c751e8b465ee728b)  -> (artifact id: 'd6fa422a8d1158fcdadbe347e83647d1') in 0.009060 seconds
  Import took 0.012624 seconds .

========================================================================
Received Import Request.
  Time since last request: 5.003526 seconds.
  path: Assets/Resources/PlayerCars/NormalCar.prefab
  artifactKey: Guid(9dbd8c512653a434f8b175a4399600f0) Importer(815301076,1909f56bfc062723c751e8b465ee728b)
Start importing Assets/Resources/PlayerCars/NormalCar.prefab using Guid(9dbd8c512653a434f8b175a4399600f0) Importer(815301076,1909f56bfc062723c751e8b465ee728b)  -> (artifact id: 'f597b8c5ed070cfa14d29d36d67486a9') in 0.009925 seconds
  Import took 0.013806 seconds .

========================================================================
Received Import Request.
  Time since last request: 11.497734 seconds.
  path: Assets/Resources/PlayerCars/NormalCar.prefab
  artifactKey: Guid(9dbd8c512653a434f8b175a4399600f0) Importer(815301076,1909f56bfc062723c751e8b465ee728b)
Start importing Assets/Resources/PlayerCars/NormalCar.prefab using Guid(9dbd8c512653a434f8b175a4399600f0) Importer(815301076,1909f56bfc062723c751e8b465ee728b)  -> (artifact id: 'cd64237f3cb80c6fc2cf95b32821c804') in 0.009706 seconds
  Import took 0.013631 seconds .

========================================================================
Received Import Request.
  Time since last request: 1.599371 seconds.
  path: Assets/Resources/PlayerCars/NormalCar.prefab
  artifactKey: Guid(9dbd8c512653a434f8b175a4399600f0) Importer(815301076,1909f56bfc062723c751e8b465ee728b)
Start importing Assets/Resources/PlayerCars/NormalCar.prefab using Guid(9dbd8c512653a434f8b175a4399600f0) Importer(815301076,1909f56bfc062723c751e8b465ee728b)  -> (artifact id: '8d897edb5c83686c359232ca01330411') in 0.009329 seconds
  Import took 0.013583 seconds .

========================================================================
Received Import Request.
  Time since last request: 4.641019 seconds.
  path: Assets/Resources/PlayerCars/NormalCar.prefab
  artifactKey: Guid(9dbd8c512653a434f8b175a4399600f0) Importer(815301076,1909f56bfc062723c751e8b465ee728b)
Start importing Assets/Resources/PlayerCars/NormalCar.prefab using Guid(9dbd8c512653a434f8b175a4399600f0) Importer(815301076,1909f56bfc062723c751e8b465ee728b)  -> (artifact id: 'ad590d00cbbc86cd104df0b04739eefa') in 0.010068 seconds
  Import took 0.013729 seconds .

========================================================================
Received Import Request.
  Time since last request: 50.115238 seconds.
  path: Assets/Resources/PlayerCars/Cop.prefab
  artifactKey: Guid(9bed9c5ae98cdd84ab2733247094ded2) Importer(815301076,1909f56bfc062723c751e8b465ee728b)
Start importing Assets/Resources/PlayerCars/Cop.prefab using Guid(9bed9c5ae98cdd84ab2733247094ded2) Importer(815301076,1909f56bfc062723c751e8b465ee728b)  -> (artifact id: '8ad48af82d1bdf040afd899c7fb3ef97') in 0.015518 seconds
  Import took 0.019759 seconds .

========================================================================
Received Import Request.
  Time since last request: 0.000160 seconds.
  path: Assets/Resources/PlayerCars/NormalCar2.prefab
  artifactKey: Guid(b10c10d317c067c4f8adf13acd93a5ec) Importer(815301076,1909f56bfc062723c751e8b465ee728b)
Start importing Assets/Resources/PlayerCars/NormalCar2.prefab using Guid(b10c10d317c067c4f8adf13acd93a5ec) Importer(815301076,1909f56bfc062723c751e8b465ee728b)  -> (artifact id: '8f570aea5dc7e577ee3842eb23afa224') in 0.021250 seconds
  Import took 0.024793 seconds .

========================================================================
Received Import Request.
  Time since last request: 0.000162 seconds.
  path: Assets/Resources/PlayerCars/Suv.prefab
  artifactKey: Guid(587968d5678e4b84bb4c8d5f32ec16a4) Importer(815301076,1909f56bfc062723c751e8b465ee728b)
Start importing Assets/Resources/PlayerCars/Suv.prefab using Guid(587968d5678e4b84bb4c8d5f32ec16a4) Importer(815301076,1909f56bfc062723c751e8b465ee728b)  -> (artifact id: '37d779f6ac690cd3b574f08fe6a7ffa5') in 0.012660 seconds
  Import took 0.016465 seconds .

========================================================================
Received Import Request.
  Time since last request: 0.000154 seconds.
  path: Assets/Resources/PlayerCars/Taxi.prefab
  artifactKey: Guid(5ed583a4414198d4788041ca62f4c5dc) Importer(815301076,1909f56bfc062723c751e8b465ee728b)
Start importing Assets/Resources/PlayerCars/Taxi.prefab using Guid(5ed583a4414198d4788041ca62f4c5dc) Importer(815301076,1909f56bfc062723c751e8b465ee728b)  -> (artifact id: 'f83463b4ce87ffffe3803995abbc645c') in 0.014600 seconds
  Import took 0.018104 seconds .

========================================================================
Received Import Request.
  Time since last request: 0.000186 seconds.
  path: Assets/Resources/PlayerCars/SportsCar.prefab
  artifactKey: Guid(04041af8689311048a9a671f4d96a39a) Importer(815301076,1909f56bfc062723c751e8b465ee728b)
Start importing Assets/Resources/PlayerCars/SportsCar.prefab using Guid(04041af8689311048a9a671f4d96a39a) Importer(815301076,1909f56bfc062723c751e8b465ee728b)  -> (artifact id: '5cd35fce38bddd6667dabae05f147aaa') in 0.013571 seconds
  Import took 0.017753 seconds .

========================================================================
Received Import Request.
  Time since last request: 0.000173 seconds.
  path: Assets/Resources/PlayerCars/NormalCar.prefab
  artifactKey: Guid(9dbd8c512653a434f8b175a4399600f0) Importer(815301076,1909f56bfc062723c751e8b465ee728b)
Start importing Assets/Resources/PlayerCars/NormalCar.prefab using Guid(9dbd8c512653a434f8b175a4399600f0) Importer(815301076,1909f56bfc062723c751e8b465ee728b)  -> (artifact id: '7e133fc9e575b74917950330522c0553') in 0.010138 seconds
  Import took 0.014114 seconds .

========================================================================
Received Import Request.
  Time since last request: 0.000163 seconds.
  path: Assets/Resources/PlayerCars/Sportscar2.prefab
  artifactKey: Guid(4739469f7deb8f641a14af6ae751af9f) Importer(815301076,1909f56bfc062723c751e8b465ee728b)
Start importing Assets/Resources/PlayerCars/Sportscar2.prefab using Guid(4739469f7deb8f641a14af6ae751af9f) Importer(815301076,1909f56bfc062723c751e8b465ee728b)  -> (artifact id: 'c6be93d2ff1dcd57d8409b04332e13fd') in 0.014026 seconds
  Import took 0.017970 seconds .

========================================================================
Received Import Request.
  Time since last request: 0.673700 seconds.
  path: Assets/Resources/PlayerCars/Cop.prefab
  artifactKey: Guid(9bed9c5ae98cdd84ab2733247094ded2) Importer(815301076,1909f56bfc062723c751e8b465ee728b)
Start importing Assets/Resources/PlayerCars/Cop.prefab using Guid(9bed9c5ae98cdd84ab2733247094ded2) Importer(815301076,1909f56bfc062723c751e8b465ee728b)  -> (artifact id: 'b5213754067acf13edb165c130c8ae05') in 0.010989 seconds
  Import took 0.015120 seconds .

========================================================================
Received Import Request.
  Time since last request: 0.000165 seconds.
  path: Assets/Resources/PlayerCars/NormalCar2.prefab
  artifactKey: Guid(b10c10d317c067c4f8adf13acd93a5ec) Importer(815301076,1909f56bfc062723c751e8b465ee728b)
Start importing Assets/Resources/PlayerCars/NormalCar2.prefab using Guid(b10c10d317c067c4f8adf13acd93a5ec) Importer(815301076,1909f56bfc062723c751e8b465ee728b)  -> (artifact id: 'df4b57bd78884f8c9416f5075612db69') in 0.009747 seconds
  Import took 0.014041 seconds .

========================================================================
Received Import Request.
  Time since last request: 0.000180 seconds.
  path: Assets/Resources/PlayerCars/Suv.prefab
  artifactKey: Guid(587968d5678e4b84bb4c8d5f32ec16a4) Importer(815301076,1909f56bfc062723c751e8b465ee728b)
Start importing Assets/Resources/PlayerCars/Suv.prefab using Guid(587968d5678e4b84bb4c8d5f32ec16a4) Importer(815301076,1909f56bfc062723c751e8b465ee728b)  -> (artifact id: 'd1b9e92e4289b2a44cd2723ef97ffe09') in 0.011897 seconds
  Import took 0.015534 seconds .

========================================================================
Received Import Request.
  Time since last request: 0.000151 seconds.
  path: Assets/Resources/PlayerCars/Taxi.prefab
  artifactKey: Guid(5ed583a4414198d4788041ca62f4c5dc) Importer(815301076,1909f56bfc062723c751e8b465ee728b)
Start importing Assets/Resources/PlayerCars/Taxi.prefab using Guid(5ed583a4414198d4788041ca62f4c5dc) Importer(815301076,1909f56bfc062723c751e8b465ee728b)  -> (artifact id: '4a8156f12325cde067570c70d4409ca6') in 0.010509 seconds
  Import took 0.014498 seconds .

========================================================================
Received Import Request.
  Time since last request: 0.000159 seconds.
  path: Assets/Resources/PlayerCars/NormalCar.prefab
  artifactKey: Guid(9dbd8c512653a434f8b175a4399600f0) Importer(815301076,1909f56bfc062723c751e8b465ee728b)
Start importing Assets/Resources/PlayerCars/NormalCar.prefab using Guid(9dbd8c512653a434f8b175a4399600f0) Importer(815301076,1909f56bfc062723c751e8b465ee728b)  -> (artifact id: 'fdba52005f4f93d1f1930fb55d6c26f2') in 0.011010 seconds
  Import took 0.014763 seconds .

========================================================================
Received Import Request.
  Time since last request: 16.776552 seconds.
  path: Assets/Resources/PlayerCars/NormalCar.prefab
  artifactKey: Guid(9dbd8c512653a434f8b175a4399600f0) Importer(815301076,1909f56bfc062723c751e8b465ee728b)
Start importing Assets/Resources/PlayerCars/NormalCar.prefab using Guid(9dbd8c512653a434f8b175a4399600f0) Importer(815301076,1909f56bfc062723c751e8b465ee728b)  -> (artifact id: '7a66f708eb0b1b978fe573d13f20e5c9') in 0.009210 seconds
  Import took 0.013558 seconds .

========================================================================
Received Import Request.
  Time since last request: 1.801907 seconds.
  path: Assets/Resources/PlayerCars/NormalCar.prefab
  artifactKey: Guid(9dbd8c512653a434f8b175a4399600f0) Importer(815301076,1909f56bfc062723c751e8b465ee728b)
Start importing Assets/Resources/PlayerCars/NormalCar.prefab using Guid(9dbd8c512653a434f8b175a4399600f0) Importer(815301076,1909f56bfc062723c751e8b465ee728b)  -> (artifact id: '8a028837b1dc528e6d988c9a0518543e') in 0.009463 seconds
  Import took 0.013207 seconds .

========================================================================
Received Import Request.
  Time since last request: 1.397071 seconds.
  path: Assets/Resources/PlayerCars/NormalCar.prefab
  artifactKey: Guid(9dbd8c512653a434f8b175a4399600f0) Importer(815301076,1909f56bfc062723c751e8b465ee728b)
Start importing Assets/Resources/PlayerCars/NormalCar.prefab using Guid(9dbd8c512653a434f8b175a4399600f0) Importer(815301076,1909f56bfc062723c751e8b465ee728b)  -> (artifact id: 'b2c07fbcef10f154215ab03f26bc7bf7') in 0.009008 seconds
  Import took 0.012735 seconds .

========================================================================
Received Import Request.
  Time since last request: 1.605474 seconds.
  path: Assets/Resources/PlayerCars/NormalCar.prefab
  artifactKey: Guid(9dbd8c512653a434f8b175a4399600f0) Importer(815301076,1909f56bfc062723c751e8b465ee728b)
Start importing Assets/Resources/PlayerCars/NormalCar.prefab using Guid(9dbd8c512653a434f8b175a4399600f0) Importer(815301076,1909f56bfc062723c751e8b465ee728b)  -> (artifact id: 'b448e8f333598971d8082a77ad981c38') in 0.009872 seconds
  Import took 0.013953 seconds .

========================================================================
Received Import Request.
  Time since last request: 23.348450 seconds.
  path: Assets/Resources/PlayerCars/NormalCar2.prefab
  artifactKey: Guid(b10c10d317c067c4f8adf13acd93a5ec) Importer(815301076,1909f56bfc062723c751e8b465ee728b)
Start importing Assets/Resources/PlayerCars/NormalCar2.prefab using Guid(b10c10d317c067c4f8adf13acd93a5ec) Importer(815301076,1909f56bfc062723c751e8b465ee728b)  -> (artifact id: 'b18bf718785732643605e95b104d7a9c') in 0.009751 seconds
  Import took 0.013738 seconds .

========================================================================
Received Import Request.
  Time since last request: 4.218166 seconds.
  path: Assets/Resources/PlayerCars/NormalCar2.prefab
  artifactKey: Guid(b10c10d317c067c4f8adf13acd93a5ec) Importer(815301076,1909f56bfc062723c751e8b465ee728b)
Start importing Assets/Resources/PlayerCars/NormalCar2.prefab using Guid(b10c10d317c067c4f8adf13acd93a5ec) Importer(815301076,1909f56bfc062723c751e8b465ee728b)  -> (artifact id: 'c23e25995f0b55789f6ec5e734e2bf1c') in 0.010319 seconds
  Import took 0.014289 seconds .

========================================================================
Received Import Request.
  Time since last request: 18.817322 seconds.
  path: Assets/Resources/PlayerCars/NormalCar2.prefab
  artifactKey: Guid(b10c10d317c067c4f8adf13acd93a5ec) Importer(815301076,1909f56bfc062723c751e8b465ee728b)
Start importing Assets/Resources/PlayerCars/NormalCar2.prefab using Guid(b10c10d317c067c4f8adf13acd93a5ec) Importer(815301076,1909f56bfc062723c751e8b465ee728b)  -> (artifact id: '1dccefed46001538575e4b544d1e9333') in 0.010161 seconds
  Import took 0.014636 seconds .

========================================================================
Received Import Request.
  Time since last request: 1.846069 seconds.
  path: Assets/Resources/PlayerCars/NormalCar2.prefab
  artifactKey: Guid(b10c10d317c067c4f8adf13acd93a5ec) Importer(815301076,1909f56bfc062723c751e8b465ee728b)
Start importing Assets/Resources/PlayerCars/NormalCar2.prefab using Guid(b10c10d317c067c4f8adf13acd93a5ec) Importer(815301076,1909f56bfc062723c751e8b465ee728b)  -> (artifact id: 'c1ff6dc0ee5ddeedf7720325e02b1b13') in 0.009427 seconds
  Import took 0.013578 seconds .

========================================================================
Received Import Request.
  Time since last request: 1.638290 seconds.
  path: Assets/Resources/PlayerCars/NormalCar2.prefab
  artifactKey: Guid(b10c10d317c067c4f8adf13acd93a5ec) Importer(815301076,1909f56bfc062723c751e8b465ee728b)
Start importing Assets/Resources/PlayerCars/NormalCar2.prefab using Guid(b10c10d317c067c4f8adf13acd93a5ec) Importer(815301076,1909f56bfc062723c751e8b465ee728b)  -> (artifact id: 'a76b20b69b1ed978530cc7e3092b8d6e') in 0.009780 seconds
  Import took 0.013755 seconds .

========================================================================
Received Import Request.
  Time since last request: 1.805133 seconds.
  path: Assets/Resources/PlayerCars/NormalCar2.prefab
  artifactKey: Guid(b10c10d317c067c4f8adf13acd93a5ec) Importer(815301076,1909f56bfc062723c751e8b465ee728b)
Start importing Assets/Resources/PlayerCars/NormalCar2.prefab using Guid(b10c10d317c067c4f8adf13acd93a5ec) Importer(815301076,1909f56bfc062723c751e8b465ee728b)  -> (artifact id: '8bd4c45357ec2d228095b0bb4da51da8') in 0.009465 seconds
  Import took 0.013558 seconds .

========================================================================
Received Import Request.
  Time since last request: 10.963230 seconds.
  path: Assets/Resources/PlayerCars/SportsCar.prefab
  artifactKey: Guid(04041af8689311048a9a671f4d96a39a) Importer(815301076,1909f56bfc062723c751e8b465ee728b)
Start importing Assets/Resources/PlayerCars/SportsCar.prefab using Guid(04041af8689311048a9a671f4d96a39a) Importer(815301076,1909f56bfc062723c751e8b465ee728b)  -> (artifact id: '7fdc20b0b6e2949a4954bcad17c1001b') in 0.010059 seconds
  Import took 0.013934 seconds .

========================================================================
Received Import Request.
  Time since last request: 3.280168 seconds.
  path: Assets/Resources/PlayerCars/SportsCar.prefab
  artifactKey: Guid(04041af8689311048a9a671f4d96a39a) Importer(815301076,1909f56bfc062723c751e8b465ee728b)
Start importing Assets/Resources/PlayerCars/SportsCar.prefab using Guid(04041af8689311048a9a671f4d96a39a) Importer(815301076,1909f56bfc062723c751e8b465ee728b)  -> (artifact id: 'e9bbb38509d5521548af6f8b87f79197') in 0.010120 seconds
  Import took 0.014214 seconds .

========================================================================
Received Import Request.
  Time since last request: 13.281631 seconds.
  path: Assets/Resources/PlayerCars/SportsCar.prefab
  artifactKey: Guid(04041af8689311048a9a671f4d96a39a) Importer(815301076,1909f56bfc062723c751e8b465ee728b)
Start importing Assets/Resources/PlayerCars/SportsCar.prefab using Guid(04041af8689311048a9a671f4d96a39a) Importer(815301076,1909f56bfc062723c751e8b465ee728b)  -> (artifact id: '5c388f7f65415c3ddc6caf7ba9382d06') in 0.009183 seconds
  Import took 0.013206 seconds .

========================================================================
Received Import Request.
  Time since last request: 2.420793 seconds.
  path: Assets/Resources/PlayerCars/SportsCar.prefab
  artifactKey: Guid(04041af8689311048a9a671f4d96a39a) Importer(815301076,1909f56bfc062723c751e8b465ee728b)
Start importing Assets/Resources/PlayerCars/SportsCar.prefab using Guid(04041af8689311048a9a671f4d96a39a) Importer(815301076,1909f56bfc062723c751e8b465ee728b)  -> (artifact id: '763ea8d47faba1ec6947530e27cbba50') in 0.009021 seconds
  Import took 0.013476 seconds .

========================================================================
Received Import Request.
  Time since last request: 2.035386 seconds.
  path: Assets/Resources/PlayerCars/SportsCar.prefab
  artifactKey: Guid(04041af8689311048a9a671f4d96a39a) Importer(815301076,1909f56bfc062723c751e8b465ee728b)
Start importing Assets/Resources/PlayerCars/SportsCar.prefab using Guid(04041af8689311048a9a671f4d96a39a) Importer(815301076,1909f56bfc062723c751e8b465ee728b)  -> (artifact id: 'a59e22e08e8142e7b72e103ea78742cc') in 0.009794 seconds
  Import took 0.013705 seconds .

========================================================================
Received Import Request.
  Time since last request: 8.948934 seconds.
  path: Assets/Resources/PlayerCars/Sportscar2.prefab
  artifactKey: Guid(4739469f7deb8f641a14af6ae751af9f) Importer(815301076,1909f56bfc062723c751e8b465ee728b)
Start importing Assets/Resources/PlayerCars/Sportscar2.prefab using Guid(4739469f7deb8f641a14af6ae751af9f) Importer(815301076,1909f56bfc062723c751e8b465ee728b)  -> (artifact id: '501f211ef6e9d2800b37282f99ad5d63') in 0.013147 seconds
  Import took 0.017195 seconds .

========================================================================
Received Import Request.
  Time since last request: 6.876190 seconds.
  path: Assets/Resources/PlayerCars/Sportscar2.prefab
  artifactKey: Guid(4739469f7deb8f641a14af6ae751af9f) Importer(815301076,1909f56bfc062723c751e8b465ee728b)
Start importing Assets/Resources/PlayerCars/Sportscar2.prefab using Guid(4739469f7deb8f641a14af6ae751af9f) Importer(815301076,1909f56bfc062723c751e8b465ee728b)  -> (artifact id: '0b7e0e7f663ece51a70e8edd8107bf96') in 0.009787 seconds
  Import took 0.013820 seconds .

========================================================================
Received Import Request.
  Time since last request: 2.015720 seconds.
  path: Assets/Resources/PlayerCars/Sportscar2.prefab
  artifactKey: Guid(4739469f7deb8f641a14af6ae751af9f) Importer(815301076,1909f56bfc062723c751e8b465ee728b)
Start importing Assets/Resources/PlayerCars/Sportscar2.prefab using Guid(4739469f7deb8f641a14af6ae751af9f) Importer(815301076,1909f56bfc062723c751e8b465ee728b)  -> (artifact id: '6065bcaedb5a9fcf882240224c3693e6') in 0.009774 seconds
  Import took 0.013577 seconds .

========================================================================
Received Import Request.
  Time since last request: 2.644517 seconds.
  path: Assets/Resources/PlayerCars/Sportscar2.prefab
  artifactKey: Guid(4739469f7deb8f641a14af6ae751af9f) Importer(815301076,1909f56bfc062723c751e8b465ee728b)
Start importing Assets/Resources/PlayerCars/Sportscar2.prefab using Guid(4739469f7deb8f641a14af6ae751af9f) Importer(815301076,1909f56bfc062723c751e8b465ee728b)  -> (artifact id: 'bd6694ee0b6f1b90d2a2ce1e19b2a5a8') in 0.009451 seconds
  Import took 0.013527 seconds .

========================================================================
Received Import Request.
  Time since last request: 1.832271 seconds.
  path: Assets/Resources/PlayerCars/Sportscar2.prefab
  artifactKey: Guid(4739469f7deb8f641a14af6ae751af9f) Importer(815301076,1909f56bfc062723c751e8b465ee728b)
Start importing Assets/Resources/PlayerCars/Sportscar2.prefab using Guid(4739469f7deb8f641a14af6ae751af9f) Importer(815301076,1909f56bfc062723c751e8b465ee728b)  -> (artifact id: '172761fdf1d8e4a7243dc130138b5a9a') in 0.009672 seconds
  Import took 0.013782 seconds .

========================================================================
Received Import Request.
  Time since last request: 8.165351 seconds.
  path: Assets/Resources/PlayerCars/Suv.prefab
  artifactKey: Guid(587968d5678e4b84bb4c8d5f32ec16a4) Importer(815301076,1909f56bfc062723c751e8b465ee728b)
Start importing Assets/Resources/PlayerCars/Suv.prefab using Guid(587968d5678e4b84bb4c8d5f32ec16a4) Importer(815301076,1909f56bfc062723c751e8b465ee728b)  -> (artifact id: '33624be529f74f8570865df30e5889e2') in 0.009729 seconds
  Import took 0.014097 seconds .

========================================================================
Received Import Request.
  Time since last request: 3.874818 seconds.
  path: Assets/Resources/PlayerCars/Suv.prefab
  artifactKey: Guid(587968d5678e4b84bb4c8d5f32ec16a4) Importer(815301076,1909f56bfc062723c751e8b465ee728b)
Start importing Assets/Resources/PlayerCars/Suv.prefab using Guid(587968d5678e4b84bb4c8d5f32ec16a4) Importer(815301076,1909f56bfc062723c751e8b465ee728b)  -> (artifact id: '09ce2ce3dc812d93eaaa5a1104583a53') in 0.010535 seconds
  Import took 0.015308 seconds .

========================================================================
Received Import Request.
  Time since last request: 2.242985 seconds.
  path: Assets/Resources/PlayerCars/Suv.prefab
  artifactKey: Guid(587968d5678e4b84bb4c8d5f32ec16a4) Importer(815301076,1909f56bfc062723c751e8b465ee728b)
Start importing Assets/Resources/PlayerCars/Suv.prefab using Guid(587968d5678e4b84bb4c8d5f32ec16a4) Importer(815301076,1909f56bfc062723c751e8b465ee728b)  -> (artifact id: '901eb27cbaf7fb1dd2cbed808cad765a') in 0.009263 seconds
  Import took 0.012893 seconds .

========================================================================
Received Import Request.
  Time since last request: 2.010213 seconds.
  path: Assets/Resources/PlayerCars/Suv.prefab
  artifactKey: Guid(587968d5678e4b84bb4c8d5f32ec16a4) Importer(815301076,1909f56bfc062723c751e8b465ee728b)
Start importing Assets/Resources/PlayerCars/Suv.prefab using Guid(587968d5678e4b84bb4c8d5f32ec16a4) Importer(815301076,1909f56bfc062723c751e8b465ee728b)  -> (artifact id: '57cc16068ab2c3c7025a9dce39b85d23') in 0.009939 seconds
  Import took 0.013586 seconds .

========================================================================
Received Import Request.
  Time since last request: 1.607834 seconds.
  path: Assets/Resources/PlayerCars/Suv.prefab
  artifactKey: Guid(587968d5678e4b84bb4c8d5f32ec16a4) Importer(815301076,1909f56bfc062723c751e8b465ee728b)
Start importing Assets/Resources/PlayerCars/Suv.prefab using Guid(587968d5678e4b84bb4c8d5f32ec16a4) Importer(815301076,1909f56bfc062723c751e8b465ee728b)  -> (artifact id: 'c8f636e66b6fa0a0c317731a41eb8182') in 0.009720 seconds
  Import took 0.013521 seconds .

========================================================================
Received Import Request.
  Time since last request: 6.294291 seconds.
  path: Assets/Resources/PlayerCars/Taxi.prefab
  artifactKey: Guid(5ed583a4414198d4788041ca62f4c5dc) Importer(815301076,1909f56bfc062723c751e8b465ee728b)
Start importing Assets/Resources/PlayerCars/Taxi.prefab using Guid(5ed583a4414198d4788041ca62f4c5dc) Importer(815301076,1909f56bfc062723c751e8b465ee728b)  -> (artifact id: 'ce806d355421a20ade94dca361a120cc') in 0.009533 seconds
  Import took 0.013495 seconds .

========================================================================
Received Import Request.
  Time since last request: 3.852747 seconds.
  path: Assets/Resources/PlayerCars/Taxi.prefab
  artifactKey: Guid(5ed583a4414198d4788041ca62f4c5dc) Importer(815301076,1909f56bfc062723c751e8b465ee728b)
Start importing Assets/Resources/PlayerCars/Taxi.prefab using Guid(5ed583a4414198d4788041ca62f4c5dc) Importer(815301076,1909f56bfc062723c751e8b465ee728b)  -> (artifact id: '755c217391c5ed5c5261aafe201b29bf') in 0.009719 seconds
  Import took 0.013557 seconds .

========================================================================
Received Import Request.
  Time since last request: 1.416661 seconds.
  path: Assets/Resources/PlayerCars/Taxi.prefab
  artifactKey: Guid(5ed583a4414198d4788041ca62f4c5dc) Importer(815301076,1909f56bfc062723c751e8b465ee728b)
Start importing Assets/Resources/PlayerCars/Taxi.prefab using Guid(5ed583a4414198d4788041ca62f4c5dc) Importer(815301076,1909f56bfc062723c751e8b465ee728b)  -> (artifact id: '763cf7ab75e44a8894ce96f19ad589b2') in 0.008982 seconds
  Import took 0.012660 seconds .

========================================================================
Received Import Request.
  Time since last request: 1.612481 seconds.
  path: Assets/Resources/PlayerCars/Taxi.prefab
  artifactKey: Guid(5ed583a4414198d4788041ca62f4c5dc) Importer(815301076,1909f56bfc062723c751e8b465ee728b)
Start importing Assets/Resources/PlayerCars/Taxi.prefab using Guid(5ed583a4414198d4788041ca62f4c5dc) Importer(815301076,1909f56bfc062723c751e8b465ee728b)  -> (artifact id: '4f9823d4d65fd9f898d8371eb4b2d814') in 0.009425 seconds
  Import took 0.013975 seconds .

========================================================================
Received Import Request.
  Time since last request: 2.009232 seconds.
  path: Assets/Resources/PlayerCars/Taxi.prefab
  artifactKey: Guid(5ed583a4414198d4788041ca62f4c5dc) Importer(815301076,1909f56bfc062723c751e8b465ee728b)
Start importing Assets/Resources/PlayerCars/Taxi.prefab using Guid(5ed583a4414198d4788041ca62f4c5dc) Importer(815301076,1909f56bfc062723c751e8b465ee728b)  -> (artifact id: '518bc13d59f9eacc7c258cafe9d8f763') in 0.009499 seconds
  Import took 0.013633 seconds .

========================================================================
Received Import Request.
  Time since last request: 1.617064 seconds.
  path: Assets/Resources/PlayerCars/Taxi.prefab
  artifactKey: Guid(5ed583a4414198d4788041ca62f4c5dc) Importer(815301076,1909f56bfc062723c751e8b465ee728b)
Start importing Assets/Resources/PlayerCars/Taxi.prefab using Guid(5ed583a4414198d4788041ca62f4c5dc) Importer(815301076,1909f56bfc062723c751e8b465ee728b)  -> (artifact id: '363fcb200a717a9c7b45199a6615ab14') in 0.009031 seconds
  Import took 0.013124 seconds .

========================================================================
Received Import Request.
  Time since last request: 2.057330 seconds.
  path: Assets/Resources/PlayerCars/Suv.prefab
  artifactKey: Guid(587968d5678e4b84bb4c8d5f32ec16a4) Importer(815301076,1909f56bfc062723c751e8b465ee728b)
Start importing Assets/Resources/PlayerCars/Suv.prefab using Guid(587968d5678e4b84bb4c8d5f32ec16a4) Importer(815301076,1909f56bfc062723c751e8b465ee728b)  -> (artifact id: 'f2323c6f2cc128273d456eec9ca0e622') in 0.009889 seconds
  Import took 0.013726 seconds .

========================================================================
Received Import Request.
  Time since last request: 1.872759 seconds.
  path: Assets/Resources/PlayerCars/Sportscar2.prefab
  artifactKey: Guid(4739469f7deb8f641a14af6ae751af9f) Importer(815301076,1909f56bfc062723c751e8b465ee728b)
Start importing Assets/Resources/PlayerCars/Sportscar2.prefab using Guid(4739469f7deb8f641a14af6ae751af9f) Importer(815301076,1909f56bfc062723c751e8b465ee728b)  -> (artifact id: '5901c8b15f0b199f72796cac485de445') in 0.010291 seconds
  Import took 0.014873 seconds .

========================================================================
Received Import Request.
  Time since last request: 1.592935 seconds.
  path: Assets/Resources/PlayerCars/SportsCar.prefab
  artifactKey: Guid(04041af8689311048a9a671f4d96a39a) Importer(815301076,1909f56bfc062723c751e8b465ee728b)
Start importing Assets/Resources/PlayerCars/SportsCar.prefab using Guid(04041af8689311048a9a671f4d96a39a) Importer(815301076,1909f56bfc062723c751e8b465ee728b)  -> (artifact id: '2207fed61596ee58aa990eee9fd22f64') in 0.009308 seconds
  Import took 0.013487 seconds .

========================================================================
Received Import Request.
  Time since last request: 14.786208 seconds.
  path: Assets/Resources/PlayerCars/Taxi.prefab
  artifactKey: Guid(5ed583a4414198d4788041ca62f4c5dc) Importer(815301076,1909f56bfc062723c751e8b465ee728b)
Start importing Assets/Resources/PlayerCars/Taxi.prefab using Guid(5ed583a4414198d4788041ca62f4c5dc) Importer(815301076,1909f56bfc062723c751e8b465ee728b)  -> (artifact id: '75ac59fc432ccd3fe428fa8984136f5c') in 0.009706 seconds
  Import took 0.013393 seconds .

========================================================================
Received Import Request.
  Time since last request: 2.221028 seconds.
  path: Assets/Resources/PlayerCars/Taxi.prefab
  artifactKey: Guid(5ed583a4414198d4788041ca62f4c5dc) Importer(815301076,1909f56bfc062723c751e8b465ee728b)
Start importing Assets/Resources/PlayerCars/Taxi.prefab using Guid(5ed583a4414198d4788041ca62f4c5dc) Importer(815301076,1909f56bfc062723c751e8b465ee728b)  -> (artifact id: '6267dc07affc1bd5a4e1e4753e0d914f') in 0.009130 seconds
  Import took 0.013198 seconds .

========================================================================
Received Import Request.
  Time since last request: 7.599966 seconds.
  path: Assets/Resources/PlayerCars/Suv.prefab
  artifactKey: Guid(587968d5678e4b84bb4c8d5f32ec16a4) Importer(815301076,1909f56bfc062723c751e8b465ee728b)
Start importing Assets/Resources/PlayerCars/Suv.prefab using Guid(587968d5678e4b84bb4c8d5f32ec16a4) Importer(815301076,1909f56bfc062723c751e8b465ee728b)  -> (artifact id: '58d25552c13b4f8ac0af48af50434fc2') in 0.009865 seconds
  Import took 0.013889 seconds .

========================================================================
Received Import Request.
  Time since last request: 4.043684 seconds.
  path: Assets/Resources/PlayerCars/Suv.prefab
  artifactKey: Guid(587968d5678e4b84bb4c8d5f32ec16a4) Importer(815301076,1909f56bfc062723c751e8b465ee728b)
Start importing Assets/Resources/PlayerCars/Suv.prefab using Guid(587968d5678e4b84bb4c8d5f32ec16a4) Importer(815301076,1909f56bfc062723c751e8b465ee728b)  -> (artifact id: '2a5ff4e25cf68a54c2fd5422f2be56bc') in 0.010022 seconds
  Import took 0.014094 seconds .

========================================================================
Received Import Request.
  Time since last request: 6.106377 seconds.
  path: Assets/Resources/PlayerCars/Sportscar2.prefab
  artifactKey: Guid(4739469f7deb8f641a14af6ae751af9f) Importer(815301076,1909f56bfc062723c751e8b465ee728b)
Start importing Assets/Resources/PlayerCars/Sportscar2.prefab using Guid(4739469f7deb8f641a14af6ae751af9f) Importer(815301076,1909f56bfc062723c751e8b465ee728b)  -> (artifact id: '238c14599605bd5576d0c06af409e8b4') in 0.009471 seconds
  Import took 0.013439 seconds .

========================================================================
Received Import Request.
  Time since last request: 1.803391 seconds.
  path: Assets/Resources/PlayerCars/Sportscar2.prefab
  artifactKey: Guid(4739469f7deb8f641a14af6ae751af9f) Importer(815301076,1909f56bfc062723c751e8b465ee728b)
Start importing Assets/Resources/PlayerCars/Sportscar2.prefab using Guid(4739469f7deb8f641a14af6ae751af9f) Importer(815301076,1909f56bfc062723c751e8b465ee728b)  -> (artifact id: '4426ea9462145ba959636c12d776e5e5') in 0.009367 seconds
  Import took 0.013340 seconds .

========================================================================
Received Import Request.
  Time since last request: 9.769755 seconds.
  path: Assets/Resources/PlayerCars/SportsCar.prefab
  artifactKey: Guid(04041af8689311048a9a671f4d96a39a) Importer(815301076,1909f56bfc062723c751e8b465ee728b)
Start importing Assets/Resources/PlayerCars/SportsCar.prefab using Guid(04041af8689311048a9a671f4d96a39a) Importer(815301076,1909f56bfc062723c751e8b465ee728b)  -> (artifact id: 'ff5e7ffe3d2c7cb7af8462dfb1fee92d') in 0.009998 seconds
  Import took 0.013900 seconds .

========================================================================
Received Import Request.
  Time since last request: 2.006160 seconds.
  path: Assets/Resources/PlayerCars/SportsCar.prefab
  artifactKey: Guid(04041af8689311048a9a671f4d96a39a) Importer(815301076,1909f56bfc062723c751e8b465ee728b)
Start importing Assets/Resources/PlayerCars/SportsCar.prefab using Guid(04041af8689311048a9a671f4d96a39a) Importer(815301076,1909f56bfc062723c751e8b465ee728b)  -> (artifact id: 'd13b6493bdd7389fae7980b86636015d') in 0.010700 seconds
  Import took 0.014635 seconds .

========================================================================
Received Import Request.
  Time since last request: 4.061472 seconds.
  path: Assets/Resources/PlayerCars/NormalCar2.prefab
  artifactKey: Guid(b10c10d317c067c4f8adf13acd93a5ec) Importer(815301076,1909f56bfc062723c751e8b465ee728b)
Start importing Assets/Resources/PlayerCars/NormalCar2.prefab using Guid(b10c10d317c067c4f8adf13acd93a5ec) Importer(815301076,1909f56bfc062723c751e8b465ee728b)  -> (artifact id: 'e57f6b8b89f126380df821f64769b79c') in 0.009843 seconds
  Import took 0.013221 seconds .

========================================================================
Received Prepare
Registering precompiled user dll's ...
Registered in 0.004086 seconds.
Begin MonoManager ReloadAssembly
Native extension for WindowsStandalone target not found
Native extension for OSXStandalone target not found
Native extension for WebGL target not found
Refreshing native plugins compatible for Editor in 0.57 ms, found 3 plugins.
Preloading 0 native plugins for Editor in 0.00 ms.
Mono: successfully reloaded assembly
- Completed reload, in  1.098 seconds
Platform modules already initialized, skipping
Refreshing native plugins compatible for Editor in 0.52 ms, found 3 plugins.
Preloading 0 native plugins for Editor in 0.00 ms.
Unloading 2190 Unused Serialized files (Serialized files now loaded: 0)
System memory in use before: 127.5 MB.
System memory in use after: 127.5 MB.

Unloading 18 unused Assets to reduce memory usage. Loaded Objects now: 2717.
Total: 2.123600 ms (FindLiveObjects: 0.193700 ms CreateObjectMapping: 0.094100 ms MarkObjects: 1.741800 ms  DeleteObjects: 0.092800 ms)

========================================================================
Received Prepare
Refreshing native plugins compatible for Editor in 3.52 ms, found 3 plugins.
Preloading 0 native plugins for Editor in 0.00 ms.
Unloading 16 Unused Serialized files (Serialized files now loaded: 0)
System memory in use before: 84.5 MB.
System memory in use after: 84.6 MB.

Unloading 16 unused Assets to reduce memory usage. Loaded Objects now: 2717.
Total: 2.219800 ms (FindLiveObjects: 0.199000 ms CreateObjectMapping: 0.091500 ms MarkObjects: 1.836000 ms  DeleteObjects: 0.092500 ms)

